#
# A fatal error has been detected by the Java Runtime Environment:
#
#  EXCEPTION_ACCESS_VIOLATION (0xc0000005) at pc=0x00007ffbc0eed4c0, pid=8396, tid=3784
#
# JRE version: OpenJDK Runtime Environment AdoptOpenJDK (11.0.9+11) (build 11.0.9+11)
# Java VM: OpenJDK 64-Bit Server VM AdoptOpenJDK (11.0.9+11, mixed mode, tiered, compressed oops, g1 gc, windows-amd64)
# Problematic frame:
# C  [nvoglv64.dll+0x7ed4c0]
#
# No core dump will be written. Minidumps are not enabled by default on client versions of Windows
#
# If you would like to submit a bug report, please visit:
#   https://github.com/AdoptOpenJDK/openjdk-support/issues
# The crash happened outside the Java Virtual Machine in native code.
# See problematic frame for where to report the bug.
#

---------------  S U M M A R Y ------------

Command Line: -Djava.library.path=C:\Users\gerri\Desktop\VC1\opencv440\opencv\build\java\x64 -javaagent:C:\Program Files\JetBrains\IntelliJ IDEA Community Edition 2020.3\lib\idea_rt.jar=63139:C:\Program Files\JetBrains\IntelliJ IDEA Community Edition 2020.3\bin -Dfile.encoding=UTF-8 structure.Main

Host: AMD Ryzen 7 3700X 8-Core Processor             , 16 cores, 15G,  Windows 10 , 64 bit Build 19041 (10.0.19041.662)
Time: Mon Dec 28 18:59:05 2020 Mitteleuropäische Zeit elapsed time: 7.434089 seconds (0d 0h 0m 7s)

---------------  T H R E A D  ---------------

Current thread (0x0000022fc3a47800):  JavaThread "AWT-EventQueue-0" [_thread_in_native, id=3784, stack(0x000000f526400000,0x000000f526500000)]

Stack: [0x000000f526400000,0x000000f526500000],  sp=0x000000f5264fce70,  free space=1011k
Native frames: (J=compiled Java code, j=interpreted, Vv=VM code, C=native code)
C  [nvoglv64.dll+0x7ed4c0]

Java frames: (J=compiled Java code, j=interpreted, Vv=VM code)
j  jogamp.opengl.gl4.GL4bcImpl.dispatch_glDrawElements1(IIIJJ)V+0
j  jogamp.opengl.gl4.GL4bcImpl.glDrawElements(IIIJ)V+53
j  computergraphics.ShapesRendererPP.displayPlane(Lcom/jogamp/opengl/GL3;[F)V+231
j  computergraphics.ShapesRendererPP.display(Lcom/jogamp/opengl/GLAutoDrawable;)V+147
j  jogamp.opengl.GLDrawableHelper.displayImpl(Lcom/jogamp/opengl/GLAutoDrawable;)V+62
j  jogamp.opengl.GLDrawableHelper.display(Lcom/jogamp/opengl/GLAutoDrawable;)V+2
j  com.jogamp.opengl.awt.GLCanvas$11.run()V+118
j  jogamp.opengl.GLDrawableHelper.invokeGLImpl(Lcom/jogamp/opengl/GLDrawable;Lcom/jogamp/opengl/GLContext;Ljava/lang/Runnable;Ljava/lang/Runnable;)V+203
j  jogamp.opengl.GLDrawableHelper.invokeGL(Lcom/jogamp/opengl/GLDrawable;Lcom/jogamp/opengl/GLContext;Ljava/lang/Runnable;Ljava/lang/Runnable;)V+72
j  com.jogamp.opengl.awt.GLCanvas$12.run()V+104
J 1778 c1 java.awt.event.InvocationEvent.dispatch()V java.desktop@11.0.9 (69 bytes) @ 0x0000022fa6e495f4 [0x0000022fa6e494a0+0x0000000000000154]
j  java.awt.EventQueue.dispatchEventImpl(Ljava/awt/AWTEvent;Ljava/lang/Object;)V+21 java.desktop@11.0.9
J 1585 c1 java.awt.EventQueue$4.run()Ljava/lang/Void; java.desktop@11.0.9 (60 bytes) @ 0x0000022fa6dd8dc4 [0x0000022fa6dd8c80+0x0000000000000144]
J 1584 c1 java.awt.EventQueue$4.run()Ljava/lang/Object; java.desktop@11.0.9 (5 bytes) @ 0x0000022fa6dd7ac4 [0x0000022fa6dd7a40+0x0000000000000084]
v  ~StubRoutines::call_stub
J 1274  java.security.AccessController.doPrivileged(Ljava/security/PrivilegedAction;Ljava/security/AccessControlContext;)Ljava/lang/Object; java.base@11.0.9 (0 bytes) @ 0x0000022fadfafa36 [0x0000022fadfaf9c0+0x0000000000000076]
J 1580 c1 java.awt.EventQueue.dispatchEvent(Ljava/awt/AWTEvent;)V java.desktop@11.0.9 (80 bytes) @ 0x0000022fa6dd9b94 [0x0000022fa6dd9420+0x0000000000000774]
J 1587 c1 java.awt.EventDispatchThread.pumpOneEventForFilters(I)V java.desktop@11.0.9 (113 bytes) @ 0x0000022fa6ddfefc [0x0000022fa6ddf7a0+0x000000000000075c]
j  java.awt.EventDispatchThread.pumpEventsForFilter(ILjava/awt/Conditional;Ljava/awt/EventFilter;)V+35 java.desktop@11.0.9
j  java.awt.EventDispatchThread.pumpEventsForHierarchy(ILjava/awt/Conditional;Ljava/awt/Component;)V+11 java.desktop@11.0.9
j  java.awt.EventDispatchThread.pumpEvents(ILjava/awt/Conditional;)V+4 java.desktop@11.0.9
j  java.awt.EventDispatchThread.pumpEvents(Ljava/awt/Conditional;)V+3 java.desktop@11.0.9
j  java.awt.EventDispatchThread.run()V+9 java.desktop@11.0.9
v  ~StubRoutines::call_stub

siginfo: EXCEPTION_ACCESS_VIOLATION (0xc0000005), reading address 0x0000000000000000


Register to memory mapping:

RIP=0x00007ffbc0eed4c0 nvoglv64.dll
RAX=0x0 is NULL
RBX=0x0 is NULL
RCX=0x00000000fffffffd is an unknown value
RDX=0x0000022fd1187830 points into unknown readable memory: c9 ec 3e ff c9 ec 3e ff
RSP=0x000000f5264fce70 is pointing into the stack for thread: 0x0000022fc3a47800
RBP=0x000000000000009c is an unknown value
RSI=0x000000000000001c is an unknown value
RDI=0x0000022fd0742080 points into unknown readable memory: 00 00 00 00 00 00 00 00
R8 =0x0000000000000004 is an unknown value
R9 =0x0000022fd1187808 points into unknown readable memory: 06 e0 04 00 05 00 00 00
R10=0x0000022fd1187820 points into unknown readable memory: c7 ea 3c ff c7 eb 3c ff
R11=0x0000000000000003 is an unknown value
R12=0x0000022fd1187830 points into unknown readable memory: c9 ec 3e ff c9 ec 3e ff
R13=0x0000000000001405 is an unknown value
R14=0x0000000000000070 is an unknown value
R15=0x0 is NULL


Registers:
RAX=0x0000000000000000, RBX=0x0000000000000000, RCX=0x00000000fffffffd, RDX=0x0000022fd1187830
RSP=0x000000f5264fce70, RBP=0x000000000000009c, RSI=0x000000000000001c, RDI=0x0000022fd0742080
R8 =0x0000000000000004, R9 =0x0000022fd1187808, R10=0x0000022fd1187820, R11=0x0000000000000003
R12=0x0000022fd1187830, R13=0x0000000000001405, R14=0x0000000000000070, R15=0x0000000000000000
RIP=0x00007ffbc0eed4c0, EFLAGS=0x0000000000010293

Top of Stack: (sp=0x000000f5264fce70)
0x000000f5264fce70:   000000f5264fd940 00007ffbca1899d3
0x000000f5264fce80:   000000f5264fcea0 0000022fc3a47800
0x000000f5264fce90:   00000000000085b5 0000022fa63fbece
0x000000f5264fcea0:   0000022fcf826df8 0000022fc3a47800
0x000000f5264fceb0:   0000000000000001 00000000000085b5
0x000000f5264fcec0:   0000000000000000 0000000000000000
0x000000f5264fced0:   0000022fc3a47800 0000022fcf826df8
0x000000f5264fcee0:   0000000000000000 0000000000000001
0x000000f5264fcef0:   00000000000085b5 0000022fa63bef97
0x000000f5264fcf00:   000000f5264fcfb0 00007ffbca186a01
0x000000f5264fcf10:   000000f5264fd008 0000022fcf826df8
0x000000f5264fcf20:   0000022f00001405 0000000000000000
0x000000f5264fcf30:   00007ffbc11dcda0 0000022fa63bec92
0x000000f5264fcf40:   0000022fc3a47800 0000022fcf826df8
0x000000f5264fcf50:   000000f5264fcfb0 00000000000085b5
0x000000f5264fcf60:   0000022fa63bec36 000000f5264fcf68 

Instructions: (pc=0x00007ffbc0eed4c0)
0x00007ffbc0eed3c0:   90 00 00 00 4c 8b b4 24 a0 00 00 00 48 8b 9c 24
0x00007ffbc0eed3d0:   a8 00 00 00 48 83 c4 60 41 5f 41 5d 41 5c 5f 5e
0x00007ffbc0eed3e0:   c3 4c 8b 4f 40 8b c3 48 8b 4f 50 49 2b c9 48 c1
0x00007ffbc0eed3f0:   f9 02 85 c9 0f 49 c1 c1 e0 02 3b e8 72 0e 8b d5
0x00007ffbc0eed400:   48 8b cf e8 e8 0f 21 00 4c 8b 4f 40 8b c5 45 89
0x00007ffbc0eed410:   61 04 c1 e0 0b 83 c8 06 41 89 71 08 41 89 01 45
0x00007ffbc0eed420:   89 69 0c 4d 89 79 10 38 9c 24 98 00 00 00 0f 84
0x00007ffbc0eed430:   15 01 00 00 4c 8b 57 40 41 8d 4f 0f 83 e1 f0 49
0x00007ffbc0eed440:   83 c2 18 41 2b cf 0f 57 db d1 f9 49 8b c7 44 8b
0x00007ffbc0eed450:   c6 66 0f 7f 5c 24 50 49 8d 52 04 03 ca 49 8d 52
0x00007ffbc0eed460:   04 f7 d9 83 e1 0f 48 03 d1 4c 8b e2 41 f6 c7 0f
0x00007ffbc0eed470:   74 1b 45 85 c0 74 16 8b 08 41 ff c8 66 89 0a 0b
0x00007ffbc0eed480:   d9 48 83 c2 02 48 83 c0 04 a8 0f 75 e5 41 83 f8
0x00007ffbc0eed490:   08 7e 71 66 0f 6f 25 45 bd 67 01 41 8d 48 f7 66
0x00007ffbc0eed4a0:   0f 6f 2d 49 bd 67 01 c1 e9 03 ff c1 44 8b d9 f7
0x00007ffbc0eed4b0:   d9 45 8d 04 c8 66 66 66 0f 1f 84 00 00 00 00 00
0x00007ffbc0eed4c0:   f3 0f 6f 10 f3 0f 6f 48 10 66 0f 6f c2 66 0f eb
0x00007ffbc0eed4d0:   c3 48 83 c0 20 66 0f 6f d8 66 0f eb d9 0f 18 00
0x00007ffbc0eed4e0:   66 0f fe d4 66 0f fe cc 66 0f 6b d1 66 0f fd d5
0x00007ffbc0eed4f0:   f3 0f 7f 12 48 83 c2 10 49 83 eb 01 75 c2 66 0f
0x00007ffbc0eed500:   7f 5c 24 50 8b 4c 24 5c 0b 4c 24 58 0b 4c 24 54
0x00007ffbc0eed510:   0b 4c 24 50 0b d9 45 85 c0 74 1a 0f 1f 44 00 00
0x00007ffbc0eed520:   8b 08 0b d9 66 89 0a 48 8d 52 02 48 8d 40 04 41
0x00007ffbc0eed530:   83 e8 01 75 eb 45 2b e2 45 89 22 f7 c3 00 00 ff
0x00007ffbc0eed540:   ff 74 46 ff 87 6c f0 55 00 48 8b 5f 40 49 8b d7
0x00007ffbc0eed550:   4d 63 c6 48 8d 4b 1c e8 44 4f 97 00 c7 43 18 04
0x00007ffbc0eed560:   00 00 00 48 63 c5 48 83 e0 fc 48 01 47 40 48 8b
0x00007ffbc0eed570:   47 40 48 3b 47 48 0f 82 40 fe ff ff 48 8b cf e8
0x00007ffbc0eed580:   ac 0a 21 00 e9 33 fe ff ff 41 c7 41 0c 03 14 00
0x00007ffbc0eed590:   00 41 8b 2a 48 8b 47 40 83 c5 03 8d 6c 75 00 83
0x00007ffbc0eed5a0:   e5 fc 83 c5 18 8b cd c1 e1 0b 83 c9 06 89 08 8b
0x00007ffbc0eed5b0:   87 6c f0 55 00 85 c0 74 aa ff c8 89 87 6c f0 55 


Stack slot to memory mapping:
stack at sp + 0 slots: 0x000000f5264fd940 is pointing into the stack for thread: 0x0000022fc3a47800
stack at sp + 1 slots: 0x00007ffbca1899d3 jvm.dll
stack at sp + 2 slots: 0x000000f5264fcea0 is pointing into the stack for thread: 0x0000022fc3a47800
stack at sp + 3 slots: 0x0000022fc3a47800 is a thread
stack at sp + 4 slots: 0x00000000000085b5 is an unknown value
stack at sp + 5 slots: 0x0000022fa63fbece is at code_begin+7886 in 
[CodeBlob (0x0000022fa63f9f90)]
Framesize: 0
BufferBlob (0x0000022fa63f9f90) used for native signature handlers
stack at sp + 6 slots: {method} {0x0000022fcf826e00} 'dispatch_glDrawElements1' '(IIIJJ)V' in 'jogamp/opengl/gl4/GL4bcImpl'
stack at sp + 7 slots: 0x0000022fc3a47800 is a thread


---------------  P R O C E S S  ---------------

Threads class SMR info:
_java_thread_list=0x0000022fc39fd710, length=26, elements={
0x0000022fc34dc000, 0x0000022fc34e5000, 0x0000022fc3536800, 0x0000022fc3537800,
0x0000022fc353a800, 0x0000022fc353c000, 0x0000022fc353d000, 0x0000022fc34b0800,
0x0000022fc36bb000, 0x0000022fc36bc000, 0x0000022fc3a41800, 0x0000022fc3a42000,
0x0000022fc3cf5000, 0x0000022fc3cf6000, 0x0000022fc3e2d800, 0x0000022fc3a47800,
0x0000022fc5c4d000, 0x0000022fc68ed800, 0x0000022fc6978800, 0x0000022fcd8df000,
0x0000022fcda8b800, 0x0000022fcda8e000, 0x0000022fcda8a800, 0x0000022fd1100000,
0x0000022fd1113800, 0x0000022fd1114000
}

Java Threads: ( => current thread )
  0x0000022fc34dc000 JavaThread "Reference Handler" daemon [_thread_blocked, id=17808, stack(0x000000f525200000,0x000000f525300000)]
  0x0000022fc34e5000 JavaThread "Finalizer" daemon [_thread_blocked, id=5232, stack(0x000000f525300000,0x000000f525400000)]
  0x0000022fc3536800 JavaThread "Signal Dispatcher" daemon [_thread_blocked, id=8740, stack(0x000000f525400000,0x000000f525500000)]
  0x0000022fc3537800 JavaThread "Attach Listener" daemon [_thread_blocked, id=9256, stack(0x000000f525500000,0x000000f525600000)]
  0x0000022fc353a800 JavaThread "C2 CompilerThread0" daemon [_thread_blocked, id=15840, stack(0x000000f525600000,0x000000f525700000)]
  0x0000022fc353c000 JavaThread "C1 CompilerThread0" daemon [_thread_blocked, id=3008, stack(0x000000f525700000,0x000000f525800000)]
  0x0000022fc353d000 JavaThread "Sweeper thread" daemon [_thread_blocked, id=3668, stack(0x000000f525800000,0x000000f525900000)]
  0x0000022fc34b0800 JavaThread "Common-Cleaner" daemon [_thread_blocked, id=1700, stack(0x000000f525900000,0x000000f525a00000)]
  0x0000022fc36bb000 JavaThread "C1 CompilerThread1" daemon [_thread_blocked, id=13244, stack(0x000000f525a00000,0x000000f525b00000)]
  0x0000022fc36bc000 JavaThread "C1 CompilerThread2" daemon [_thread_blocked, id=8580, stack(0x000000f525b00000,0x000000f525c00000)]
  0x0000022fc3a41800 JavaThread "Monitor Ctrl-Break" daemon [_thread_in_native, id=14572, stack(0x000000f525d00000,0x000000f525e00000)]
  0x0000022fc3a42000 JavaThread "Service Thread" daemon [_thread_blocked, id=17316, stack(0x000000f525e00000,0x000000f525f00000)]
  0x0000022fc3cf5000 JavaThread "Java2D Disposer" daemon [_thread_blocked, id=10612, stack(0x000000f526000000,0x000000f526100000)]
  0x0000022fc3cf6000 JavaThread "AWT-Shutdown" [_thread_blocked, id=16404, stack(0x000000f526100000,0x000000f526200000)]
  0x0000022fc3e2d800 JavaThread "AWT-Windows" daemon [_thread_in_native, id=16488, stack(0x000000f526200000,0x000000f526300000)]
=>0x0000022fc3a47800 JavaThread "AWT-EventQueue-0" [_thread_in_native, id=3784, stack(0x000000f526400000,0x000000f526500000)]
  0x0000022fc5c4d000 JavaThread "Swing-Shell" daemon [_thread_blocked, id=15348, stack(0x000000f526500000,0x000000f526600000)]
  0x0000022fc68ed800 JavaThread "C1 CompilerThread3" daemon [_thread_blocked, id=17268, stack(0x000000f526d00000,0x000000f526e00000)]
  0x0000022fc6978800 JavaThread "D3D Screen Updater" daemon [_thread_blocked, id=9016, stack(0x000000f526e00000,0x000000f526f00000)]
  0x0000022fcd8df000 JavaThread "TimerQueue" daemon [_thread_blocked, id=4188, stack(0x000000f526f10000,0x000000f527010000)]
  0x0000022fcda8b800 JavaThread "DestroyJavaVM" [_thread_blocked, id=8216, stack(0x000000f524b00000,0x000000f524c00000)]
  0x0000022fcda8e000 JavaThread "AWT-EventQueue-0-SharedResourceRunner" daemon [_thread_blocked, id=17128, stack(0x000000f528690000,0x000000f528790000)]
  0x0000022fcda8a800 JavaThread "AWT-EventQueue-0-FPSAWTAnimator#00-Timer0" [_thread_blocked, id=1412, stack(0x000000f528c90000,0x000000f528d90000)]
  0x0000022fd1100000 JavaThread "C2 CompilerThread1" daemon [_thread_blocked, id=15812, stack(0x000000f528d90000,0x000000f528e90000)]
  0x0000022fd1113800 JavaThread "C2 CompilerThread2" daemon [_thread_blocked, id=10220, stack(0x000000f528e90000,0x000000f528f90000)]
  0x0000022fd1114000 JavaThread "C2 CompilerThread3" daemon [_thread_blocked, id=17528, stack(0x000000f528f90000,0x000000f529090000)]

Other Threads:
  0x0000022fc34da000 VMThread "VM Thread" [stack: 0x000000f525100000,0x000000f525200000] [id=8096]
  0x0000022fc3a43800 WatcherThread [stack: 0x000000f525f00000,0x000000f526000000] [id=11672]
  0x0000022f9c4d1000 GCTaskThread "GC Thread#0" [stack: 0x000000f524c00000,0x000000f524d00000] [id=16068]
  0x0000022fc3fe8800 GCTaskThread "GC Thread#1" [stack: 0x000000f527390000,0x000000f527490000] [id=17328]
  0x0000022fc3fe9800 GCTaskThread "GC Thread#2" [stack: 0x000000f527490000,0x000000f527590000] [id=17420]
  0x0000022fc35aa000 GCTaskThread "GC Thread#3" [stack: 0x000000f527590000,0x000000f527690000] [id=7380]
  0x0000022fc35ab800 GCTaskThread "GC Thread#4" [stack: 0x000000f527690000,0x000000f527790000] [id=17772]
  0x0000022fc3627800 GCTaskThread "GC Thread#5" [stack: 0x000000f527790000,0x000000f527890000] [id=14680]
  0x0000022f9c530800 ConcurrentGCThread "G1 Main Marker" [stack: 0x000000f524d00000,0x000000f524e00000] [id=6564]
  0x0000022f9c534000 ConcurrentGCThread "G1 Conc#0" [stack: 0x000000f524e00000,0x000000f524f00000] [id=17692]
  0x0000022fc3f64000 ConcurrentGCThread "G1 Conc#1" [stack: 0x000000f528490000,0x000000f528590000] [id=15784]
  0x0000022fc3f67000 ConcurrentGCThread "G1 Conc#2" [stack: 0x000000f528590000,0x000000f528690000] [id=7356]
  0x0000022fc2b0c000 ConcurrentGCThread "G1 Refine#0" [stack: 0x000000f524f00000,0x000000f525000000] [id=14576]
  0x0000022fc2b0d000 ConcurrentGCThread "G1 Young RemSet Sampling" [stack: 0x000000f525000000,0x000000f525100000] [id=18260]

Threads with active compile tasks:

VM state:not at safepoint (normal execution)

VM Mutex/Monitor currently owned by a thread: None

Heap address: 0x0000000701400000, size: 4076 MB, Compressed Oops mode: Zero based, Oop shift amount: 3
Narrow klass base: 0x0000000800000000, Narrow klass shift: 0
Compressed class space size: 1073741824 Address: 0x0000000800000000

Heap:
 garbage-first heap   total 262144K, used 32329K [0x0000000701400000, 0x0000000800000000)
  region size 1024K, 31 young (31744K), 4 survivors (4096K)
 Metaspace       used 28160K, capacity 28758K, committed 29056K, reserved 1075200K
  class space    used 2863K, capacity 3103K, committed 3200K, reserved 1048576K
Heap Regions: E=young(eden), S=young(survivor), O=old, HS=humongous(starts), HC=humongous(continues), CS=collection set, F=free, A=archive, TAMS=top-at-mark-start (previous, next)
|   0|0x0000000701400000, 0x0000000701500000, 0x0000000701500000|100%|HS|  |TAMS 0x0000000701500000, 0x0000000701400000| Complete 
|   1|0x0000000701500000, 0x0000000701534800, 0x0000000701600000| 20%| O|  |TAMS 0x0000000701534800, 0x0000000701500000| Untracked 
|   2|0x0000000701600000, 0x0000000701700000, 0x0000000701700000|100%|HS|  |TAMS 0x0000000701700000, 0x0000000701600000| Complete 
|   3|0x0000000701700000, 0x0000000701800000, 0x0000000701800000|100%|HS|  |TAMS 0x0000000701700000, 0x0000000701700000| Complete 
|   4|0x0000000701800000, 0x0000000701800000, 0x0000000701900000|  0%| F|  |TAMS 0x0000000701800000, 0x0000000701800000| Untracked 
|   5|0x0000000701900000, 0x0000000701900000, 0x0000000701a00000|  0%| F|  |TAMS 0x0000000701900000, 0x0000000701900000| Untracked 
|   6|0x0000000701a00000, 0x0000000701a00000, 0x0000000701b00000|  0%| F|  |TAMS 0x0000000701a00000, 0x0000000701a00000| Untracked 
|   7|0x0000000701b00000, 0x0000000701b00000, 0x0000000701c00000|  0%| F|  |TAMS 0x0000000701b00000, 0x0000000701b00000| Untracked 
|   8|0x0000000701c00000, 0x0000000701c00000, 0x0000000701d00000|  0%| F|  |TAMS 0x0000000701c00000, 0x0000000701c00000| Untracked 
|   9|0x0000000701d00000, 0x0000000701d00000, 0x0000000701e00000|  0%| F|  |TAMS 0x0000000701d00000, 0x0000000701d00000| Untracked 
|  10|0x0000000701e00000, 0x0000000701e00000, 0x0000000701f00000|  0%| F|  |TAMS 0x0000000701e00000, 0x0000000701e00000| Untracked 
|  11|0x0000000701f00000, 0x0000000701f00000, 0x0000000702000000|  0%| F|  |TAMS 0x0000000701f00000, 0x0000000701f00000| Untracked 
|  12|0x0000000702000000, 0x0000000702000000, 0x0000000702100000|  0%| F|  |TAMS 0x0000000702000000, 0x0000000702000000| Untracked 
|  13|0x0000000702100000, 0x0000000702100000, 0x0000000702200000|  0%| F|  |TAMS 0x0000000702100000, 0x0000000702100000| Untracked 
|  14|0x0000000702200000, 0x0000000702200000, 0x0000000702300000|  0%| F|  |TAMS 0x0000000702200000, 0x0000000702200000| Untracked 
|  15|0x0000000702300000, 0x0000000702300000, 0x0000000702400000|  0%| F|  |TAMS 0x0000000702300000, 0x0000000702300000| Untracked 
|  16|0x0000000702400000, 0x0000000702400000, 0x0000000702500000|  0%| F|  |TAMS 0x0000000702400000, 0x0000000702400000| Untracked 
|  17|0x0000000702500000, 0x0000000702500000, 0x0000000702600000|  0%| F|  |TAMS 0x0000000702500000, 0x0000000702500000| Untracked 
|  18|0x0000000702600000, 0x0000000702600000, 0x0000000702700000|  0%| F|  |TAMS 0x0000000702600000, 0x0000000702600000| Untracked 
|  19|0x0000000702700000, 0x0000000702700000, 0x0000000702800000|  0%| F|  |TAMS 0x0000000702700000, 0x0000000702700000| Untracked 
|  20|0x0000000702800000, 0x0000000702800000, 0x0000000702900000|  0%| F|  |TAMS 0x0000000702800000, 0x0000000702800000| Untracked 
|  21|0x0000000702900000, 0x0000000702900000, 0x0000000702a00000|  0%| F|  |TAMS 0x0000000702900000, 0x0000000702900000| Untracked 
|  22|0x0000000702a00000, 0x0000000702a00000, 0x0000000702b00000|  0%| F|  |TAMS 0x0000000702a00000, 0x0000000702a00000| Untracked 
|  23|0x0000000702b00000, 0x0000000702b00000, 0x0000000702c00000|  0%| F|  |TAMS 0x0000000702b00000, 0x0000000702b00000| Untracked 
|  24|0x0000000702c00000, 0x0000000702c00000, 0x0000000702d00000|  0%| F|  |TAMS 0x0000000702c00000, 0x0000000702c00000| Untracked 
|  25|0x0000000702d00000, 0x0000000702d00000, 0x0000000702e00000|  0%| F|  |TAMS 0x0000000702d00000, 0x0000000702d00000| Untracked 
|  26|0x0000000702e00000, 0x0000000702e00000, 0x0000000702f00000|  0%| F|  |TAMS 0x0000000702e00000, 0x0000000702e00000| Untracked 
|  27|0x0000000702f00000, 0x0000000702f00000, 0x0000000703000000|  0%| F|  |TAMS 0x0000000702f00000, 0x0000000702f00000| Untracked 
|  28|0x0000000703000000, 0x0000000703000000, 0x0000000703100000|  0%| F|  |TAMS 0x0000000703000000, 0x0000000703000000| Untracked 
|  29|0x0000000703100000, 0x0000000703100000, 0x0000000703200000|  0%| F|  |TAMS 0x0000000703100000, 0x0000000703100000| Untracked 
|  30|0x0000000703200000, 0x0000000703200000, 0x0000000703300000|  0%| F|  |TAMS 0x0000000703200000, 0x0000000703200000| Untracked 
|  31|0x0000000703300000, 0x0000000703300000, 0x0000000703400000|  0%| F|  |TAMS 0x0000000703300000, 0x0000000703300000| Untracked 
|  32|0x0000000703400000, 0x0000000703400000, 0x0000000703500000|  0%| F|  |TAMS 0x0000000703400000, 0x0000000703400000| Untracked 
|  33|0x0000000703500000, 0x0000000703500000, 0x0000000703600000|  0%| F|  |TAMS 0x0000000703500000, 0x0000000703500000| Untracked 
|  34|0x0000000703600000, 0x0000000703600000, 0x0000000703700000|  0%| F|  |TAMS 0x0000000703600000, 0x0000000703600000| Untracked 
|  35|0x0000000703700000, 0x0000000703700000, 0x0000000703800000|  0%| F|  |TAMS 0x0000000703700000, 0x0000000703700000| Untracked 
|  36|0x0000000703800000, 0x0000000703800000, 0x0000000703900000|  0%| F|  |TAMS 0x0000000703800000, 0x0000000703800000| Untracked 
|  37|0x0000000703900000, 0x0000000703900000, 0x0000000703a00000|  0%| F|  |TAMS 0x0000000703900000, 0x0000000703900000| Untracked 
|  38|0x0000000703a00000, 0x0000000703a00000, 0x0000000703b00000|  0%| F|  |TAMS 0x0000000703a00000, 0x0000000703a00000| Untracked 
|  39|0x0000000703b00000, 0x0000000703b00000, 0x0000000703c00000|  0%| F|  |TAMS 0x0000000703b00000, 0x0000000703b00000| Untracked 
|  40|0x0000000703c00000, 0x0000000703c00000, 0x0000000703d00000|  0%| F|  |TAMS 0x0000000703c00000, 0x0000000703c00000| Untracked 
|  41|0x0000000703d00000, 0x0000000703d00000, 0x0000000703e00000|  0%| F|  |TAMS 0x0000000703d00000, 0x0000000703d00000| Untracked 
|  42|0x0000000703e00000, 0x0000000703e00000, 0x0000000703f00000|  0%| F|  |TAMS 0x0000000703e00000, 0x0000000703e00000| Untracked 
|  43|0x0000000703f00000, 0x0000000703f00000, 0x0000000704000000|  0%| F|  |TAMS 0x0000000703f00000, 0x0000000703f00000| Untracked 
|  44|0x0000000704000000, 0x0000000704000000, 0x0000000704100000|  0%| F|  |TAMS 0x0000000704000000, 0x0000000704000000| Untracked 
|  45|0x0000000704100000, 0x0000000704100000, 0x0000000704200000|  0%| F|  |TAMS 0x0000000704100000, 0x0000000704100000| Untracked 
|  46|0x0000000704200000, 0x0000000704200000, 0x0000000704300000|  0%| F|  |TAMS 0x0000000704200000, 0x0000000704200000| Untracked 
|  47|0x0000000704300000, 0x0000000704300000, 0x0000000704400000|  0%| F|  |TAMS 0x0000000704300000, 0x0000000704300000| Untracked 
|  48|0x0000000704400000, 0x0000000704400000, 0x0000000704500000|  0%| F|  |TAMS 0x0000000704400000, 0x0000000704400000| Untracked 
|  49|0x0000000704500000, 0x0000000704500000, 0x0000000704600000|  0%| F|  |TAMS 0x0000000704500000, 0x0000000704500000| Untracked 
|  50|0x0000000704600000, 0x0000000704600000, 0x0000000704700000|  0%| F|  |TAMS 0x0000000704600000, 0x0000000704600000| Untracked 
|  51|0x0000000704700000, 0x0000000704700000, 0x0000000704800000|  0%| F|  |TAMS 0x0000000704700000, 0x0000000704700000| Untracked 
|  52|0x0000000704800000, 0x0000000704800000, 0x0000000704900000|  0%| F|  |TAMS 0x0000000704800000, 0x0000000704800000| Untracked 
|  53|0x0000000704900000, 0x0000000704900000, 0x0000000704a00000|  0%| F|  |TAMS 0x0000000704900000, 0x0000000704900000| Untracked 
|  54|0x0000000704a00000, 0x0000000704a00000, 0x0000000704b00000|  0%| F|  |TAMS 0x0000000704a00000, 0x0000000704a00000| Untracked 
|  55|0x0000000704b00000, 0x0000000704b00000, 0x0000000704c00000|  0%| F|  |TAMS 0x0000000704b00000, 0x0000000704b00000| Untracked 
|  56|0x0000000704c00000, 0x0000000704c00000, 0x0000000704d00000|  0%| F|  |TAMS 0x0000000704c00000, 0x0000000704c00000| Untracked 
|  57|0x0000000704d00000, 0x0000000704d00000, 0x0000000704e00000|  0%| F|  |TAMS 0x0000000704d00000, 0x0000000704d00000| Untracked 
|  58|0x0000000704e00000, 0x0000000704e00000, 0x0000000704f00000|  0%| F|  |TAMS 0x0000000704e00000, 0x0000000704e00000| Untracked 
|  59|0x0000000704f00000, 0x0000000704f00000, 0x0000000705000000|  0%| F|  |TAMS 0x0000000704f00000, 0x0000000704f00000| Untracked 
|  60|0x0000000705000000, 0x0000000705000000, 0x0000000705100000|  0%| F|  |TAMS 0x0000000705000000, 0x0000000705000000| Untracked 
|  61|0x0000000705100000, 0x0000000705100000, 0x0000000705200000|  0%| F|  |TAMS 0x0000000705100000, 0x0000000705100000| Untracked 
|  62|0x0000000705200000, 0x0000000705200000, 0x0000000705300000|  0%| F|  |TAMS 0x0000000705200000, 0x0000000705200000| Untracked 
|  63|0x0000000705300000, 0x0000000705300000, 0x0000000705400000|  0%| F|  |TAMS 0x0000000705300000, 0x0000000705300000| Untracked 
|  64|0x0000000705400000, 0x0000000705400000, 0x0000000705500000|  0%| F|  |TAMS 0x0000000705400000, 0x0000000705400000| Untracked 
|  65|0x0000000705500000, 0x0000000705500000, 0x0000000705600000|  0%| F|  |TAMS 0x0000000705500000, 0x0000000705500000| Untracked 
|  66|0x0000000705600000, 0x0000000705600000, 0x0000000705700000|  0%| F|  |TAMS 0x0000000705600000, 0x0000000705600000| Untracked 
|  67|0x0000000705700000, 0x0000000705700000, 0x0000000705800000|  0%| F|  |TAMS 0x0000000705700000, 0x0000000705700000| Untracked 
|  68|0x0000000705800000, 0x0000000705800000, 0x0000000705900000|  0%| F|  |TAMS 0x0000000705800000, 0x0000000705800000| Untracked 
|  69|0x0000000705900000, 0x0000000705900000, 0x0000000705a00000|  0%| F|  |TAMS 0x0000000705900000, 0x0000000705900000| Untracked 
|  70|0x0000000705a00000, 0x0000000705a00000, 0x0000000705b00000|  0%| F|  |TAMS 0x0000000705a00000, 0x0000000705a00000| Untracked 
|  71|0x0000000705b00000, 0x0000000705b00000, 0x0000000705c00000|  0%| F|  |TAMS 0x0000000705b00000, 0x0000000705b00000| Untracked 
|  72|0x0000000705c00000, 0x0000000705c00000, 0x0000000705d00000|  0%| F|  |TAMS 0x0000000705c00000, 0x0000000705c00000| Untracked 
|  73|0x0000000705d00000, 0x0000000705d00000, 0x0000000705e00000|  0%| F|  |TAMS 0x0000000705d00000, 0x0000000705d00000| Untracked 
|  74|0x0000000705e00000, 0x0000000705e00000, 0x0000000705f00000|  0%| F|  |TAMS 0x0000000705e00000, 0x0000000705e00000| Untracked 
|  75|0x0000000705f00000, 0x0000000705f00000, 0x0000000706000000|  0%| F|  |TAMS 0x0000000705f00000, 0x0000000705f00000| Untracked 
|  76|0x0000000706000000, 0x0000000706000000, 0x0000000706100000|  0%| F|  |TAMS 0x0000000706000000, 0x0000000706000000| Untracked 
|  77|0x0000000706100000, 0x0000000706100000, 0x0000000706200000|  0%| F|  |TAMS 0x0000000706100000, 0x0000000706100000| Untracked 
|  78|0x0000000706200000, 0x0000000706200000, 0x0000000706300000|  0%| F|  |TAMS 0x0000000706200000, 0x0000000706200000| Untracked 
|  79|0x0000000706300000, 0x0000000706300000, 0x0000000706400000|  0%| F|  |TAMS 0x0000000706300000, 0x0000000706300000| Untracked 
|  80|0x0000000706400000, 0x0000000706400000, 0x0000000706500000|  0%| F|  |TAMS 0x0000000706400000, 0x0000000706400000| Untracked 
|  81|0x0000000706500000, 0x0000000706500000, 0x0000000706600000|  0%| F|  |TAMS 0x0000000706500000, 0x0000000706500000| Untracked 
|  82|0x0000000706600000, 0x0000000706600000, 0x0000000706700000|  0%| F|  |TAMS 0x0000000706600000, 0x0000000706600000| Untracked 
|  83|0x0000000706700000, 0x0000000706700000, 0x0000000706800000|  0%| F|  |TAMS 0x0000000706700000, 0x0000000706700000| Untracked 
|  84|0x0000000706800000, 0x0000000706800000, 0x0000000706900000|  0%| F|  |TAMS 0x0000000706800000, 0x0000000706800000| Untracked 
|  85|0x0000000706900000, 0x0000000706900000, 0x0000000706a00000|  0%| F|  |TAMS 0x0000000706900000, 0x0000000706900000| Untracked 
|  86|0x0000000706a00000, 0x0000000706a00000, 0x0000000706b00000|  0%| F|  |TAMS 0x0000000706a00000, 0x0000000706a00000| Untracked 
|  87|0x0000000706b00000, 0x0000000706b00000, 0x0000000706c00000|  0%| F|  |TAMS 0x0000000706b00000, 0x0000000706b00000| Untracked 
|  88|0x0000000706c00000, 0x0000000706c00000, 0x0000000706d00000|  0%| F|  |TAMS 0x0000000706c00000, 0x0000000706c00000| Untracked 
|  89|0x0000000706d00000, 0x0000000706d00000, 0x0000000706e00000|  0%| F|  |TAMS 0x0000000706d00000, 0x0000000706d00000| Untracked 
|  90|0x0000000706e00000, 0x0000000706e00000, 0x0000000706f00000|  0%| F|  |TAMS 0x0000000706e00000, 0x0000000706e00000| Untracked 
|  91|0x0000000706f00000, 0x0000000706f00000, 0x0000000707000000|  0%| F|  |TAMS 0x0000000706f00000, 0x0000000706f00000| Untracked 
|  92|0x0000000707000000, 0x0000000707000000, 0x0000000707100000|  0%| F|  |TAMS 0x0000000707000000, 0x0000000707000000| Untracked 
|  93|0x0000000707100000, 0x0000000707100000, 0x0000000707200000|  0%| F|  |TAMS 0x0000000707100000, 0x0000000707100000| Untracked 
|  94|0x0000000707200000, 0x0000000707200000, 0x0000000707300000|  0%| F|  |TAMS 0x0000000707200000, 0x0000000707200000| Untracked 
|  95|0x0000000707300000, 0x0000000707300000, 0x0000000707400000|  0%| F|  |TAMS 0x0000000707300000, 0x0000000707300000| Untracked 
|  96|0x0000000707400000, 0x0000000707400000, 0x0000000707500000|  0%| F|  |TAMS 0x0000000707400000, 0x0000000707400000| Untracked 
|  97|0x0000000707500000, 0x0000000707500000, 0x0000000707600000|  0%| F|  |TAMS 0x0000000707500000, 0x0000000707500000| Untracked 
|  98|0x0000000707600000, 0x0000000707600000, 0x0000000707700000|  0%| F|  |TAMS 0x0000000707600000, 0x0000000707600000| Untracked 
|  99|0x0000000707700000, 0x0000000707700000, 0x0000000707800000|  0%| F|  |TAMS 0x0000000707700000, 0x0000000707700000| Untracked 
| 100|0x0000000707800000, 0x0000000707800000, 0x0000000707900000|  0%| F|  |TAMS 0x0000000707800000, 0x0000000707800000| Untracked 
| 101|0x0000000707900000, 0x0000000707900000, 0x0000000707a00000|  0%| F|  |TAMS 0x0000000707900000, 0x0000000707900000| Untracked 
| 102|0x0000000707a00000, 0x0000000707a00000, 0x0000000707b00000|  0%| F|  |TAMS 0x0000000707a00000, 0x0000000707a00000| Untracked 
| 103|0x0000000707b00000, 0x0000000707b00000, 0x0000000707c00000|  0%| F|  |TAMS 0x0000000707b00000, 0x0000000707b00000| Untracked 
| 104|0x0000000707c00000, 0x0000000707c00000, 0x0000000707d00000|  0%| F|  |TAMS 0x0000000707c00000, 0x0000000707c00000| Untracked 
| 105|0x0000000707d00000, 0x0000000707d00000, 0x0000000707e00000|  0%| F|  |TAMS 0x0000000707d00000, 0x0000000707d00000| Untracked 
| 106|0x0000000707e00000, 0x0000000707e00000, 0x0000000707f00000|  0%| F|  |TAMS 0x0000000707e00000, 0x0000000707e00000| Untracked 
| 107|0x0000000707f00000, 0x0000000707f00000, 0x0000000708000000|  0%| F|  |TAMS 0x0000000707f00000, 0x0000000707f00000| Untracked 
| 108|0x0000000708000000, 0x0000000708000000, 0x0000000708100000|  0%| F|  |TAMS 0x0000000708000000, 0x0000000708000000| Untracked 
| 109|0x0000000708100000, 0x0000000708100000, 0x0000000708200000|  0%| F|  |TAMS 0x0000000708100000, 0x0000000708100000| Untracked 
| 110|0x0000000708200000, 0x0000000708200000, 0x0000000708300000|  0%| F|  |TAMS 0x0000000708200000, 0x0000000708200000| Untracked 
| 111|0x0000000708300000, 0x0000000708300000, 0x0000000708400000|  0%| F|  |TAMS 0x0000000708300000, 0x0000000708300000| Untracked 
| 112|0x0000000708400000, 0x0000000708400000, 0x0000000708500000|  0%| F|  |TAMS 0x0000000708400000, 0x0000000708400000| Untracked 
| 113|0x0000000708500000, 0x0000000708500000, 0x0000000708600000|  0%| F|  |TAMS 0x0000000708500000, 0x0000000708500000| Untracked 
| 114|0x0000000708600000, 0x0000000708600000, 0x0000000708700000|  0%| F|  |TAMS 0x0000000708600000, 0x0000000708600000| Untracked 
| 115|0x0000000708700000, 0x0000000708700000, 0x0000000708800000|  0%| F|  |TAMS 0x0000000708700000, 0x0000000708700000| Untracked 
| 116|0x0000000708800000, 0x0000000708800000, 0x0000000708900000|  0%| F|  |TAMS 0x0000000708800000, 0x0000000708800000| Untracked 
| 117|0x0000000708900000, 0x0000000708900000, 0x0000000708a00000|  0%| F|  |TAMS 0x0000000708900000, 0x0000000708900000| Untracked 
| 118|0x0000000708a00000, 0x0000000708a00000, 0x0000000708b00000|  0%| F|  |TAMS 0x0000000708a00000, 0x0000000708a00000| Untracked 
| 119|0x0000000708b00000, 0x0000000708b00000, 0x0000000708c00000|  0%| F|  |TAMS 0x0000000708b00000, 0x0000000708b00000| Untracked 
| 120|0x0000000708c00000, 0x0000000708c00000, 0x0000000708d00000|  0%| F|  |TAMS 0x0000000708c00000, 0x0000000708c00000| Untracked 
| 121|0x0000000708d00000, 0x0000000708d00000, 0x0000000708e00000|  0%| F|  |TAMS 0x0000000708d00000, 0x0000000708d00000| Untracked 
| 122|0x0000000708e00000, 0x0000000708e00000, 0x0000000708f00000|  0%| F|  |TAMS 0x0000000708e00000, 0x0000000708e00000| Untracked 
| 123|0x0000000708f00000, 0x0000000708f00000, 0x0000000709000000|  0%| F|  |TAMS 0x0000000708f00000, 0x0000000708f00000| Untracked 
| 124|0x0000000709000000, 0x0000000709000000, 0x0000000709100000|  0%| F|  |TAMS 0x0000000709000000, 0x0000000709000000| Untracked 
| 125|0x0000000709100000, 0x0000000709100000, 0x0000000709200000|  0%| F|  |TAMS 0x0000000709100000, 0x0000000709100000| Untracked 
| 126|0x0000000709200000, 0x0000000709200000, 0x0000000709300000|  0%| F|  |TAMS 0x0000000709200000, 0x0000000709200000| Untracked 
| 127|0x0000000709300000, 0x0000000709300000, 0x0000000709400000|  0%| F|  |TAMS 0x0000000709300000, 0x0000000709300000| Untracked 
| 128|0x0000000709400000, 0x0000000709400000, 0x0000000709500000|  0%| F|  |TAMS 0x0000000709400000, 0x0000000709400000| Untracked 
| 129|0x0000000709500000, 0x0000000709500000, 0x0000000709600000|  0%| F|  |TAMS 0x0000000709500000, 0x0000000709500000| Untracked 
| 130|0x0000000709600000, 0x0000000709600000, 0x0000000709700000|  0%| F|  |TAMS 0x0000000709600000, 0x0000000709600000| Untracked 
| 131|0x0000000709700000, 0x0000000709700000, 0x0000000709800000|  0%| F|  |TAMS 0x0000000709700000, 0x0000000709700000| Untracked 
| 132|0x0000000709800000, 0x0000000709800000, 0x0000000709900000|  0%| F|  |TAMS 0x0000000709800000, 0x0000000709800000| Untracked 
| 133|0x0000000709900000, 0x0000000709900000, 0x0000000709a00000|  0%| F|  |TAMS 0x0000000709900000, 0x0000000709900000| Untracked 
| 134|0x0000000709a00000, 0x0000000709a00000, 0x0000000709b00000|  0%| F|  |TAMS 0x0000000709a00000, 0x0000000709a00000| Untracked 
| 135|0x0000000709b00000, 0x0000000709b00000, 0x0000000709c00000|  0%| F|  |TAMS 0x0000000709b00000, 0x0000000709b00000| Untracked 
| 136|0x0000000709c00000, 0x0000000709c00000, 0x0000000709d00000|  0%| F|  |TAMS 0x0000000709c00000, 0x0000000709c00000| Untracked 
| 137|0x0000000709d00000, 0x0000000709d00000, 0x0000000709e00000|  0%| F|  |TAMS 0x0000000709d00000, 0x0000000709d00000| Untracked 
| 138|0x0000000709e00000, 0x0000000709e00000, 0x0000000709f00000|  0%| F|  |TAMS 0x0000000709e00000, 0x0000000709e00000| Untracked 
| 139|0x0000000709f00000, 0x0000000709f00000, 0x000000070a000000|  0%| F|  |TAMS 0x0000000709f00000, 0x0000000709f00000| Untracked 
| 140|0x000000070a000000, 0x000000070a000000, 0x000000070a100000|  0%| F|  |TAMS 0x000000070a000000, 0x000000070a000000| Untracked 
| 141|0x000000070a100000, 0x000000070a100000, 0x000000070a200000|  0%| F|  |TAMS 0x000000070a100000, 0x000000070a100000| Untracked 
| 142|0x000000070a200000, 0x000000070a200000, 0x000000070a300000|  0%| F|  |TAMS 0x000000070a200000, 0x000000070a200000| Untracked 
| 143|0x000000070a300000, 0x000000070a300000, 0x000000070a400000|  0%| F|  |TAMS 0x000000070a300000, 0x000000070a300000| Untracked 
| 144|0x000000070a400000, 0x000000070a400000, 0x000000070a500000|  0%| F|  |TAMS 0x000000070a400000, 0x000000070a400000| Untracked 
| 145|0x000000070a500000, 0x000000070a500000, 0x000000070a600000|  0%| F|  |TAMS 0x000000070a500000, 0x000000070a500000| Untracked 
| 146|0x000000070a600000, 0x000000070a600000, 0x000000070a700000|  0%| F|  |TAMS 0x000000070a600000, 0x000000070a600000| Untracked 
| 147|0x000000070a700000, 0x000000070a700000, 0x000000070a800000|  0%| F|  |TAMS 0x000000070a700000, 0x000000070a700000| Untracked 
| 148|0x000000070a800000, 0x000000070a800000, 0x000000070a900000|  0%| F|  |TAMS 0x000000070a800000, 0x000000070a800000| Untracked 
| 149|0x000000070a900000, 0x000000070a900000, 0x000000070aa00000|  0%| F|  |TAMS 0x000000070a900000, 0x000000070a900000| Untracked 
| 150|0x000000070aa00000, 0x000000070aa00000, 0x000000070ab00000|  0%| F|  |TAMS 0x000000070aa00000, 0x000000070aa00000| Untracked 
| 151|0x000000070ab00000, 0x000000070ab00000, 0x000000070ac00000|  0%| F|  |TAMS 0x000000070ab00000, 0x000000070ab00000| Untracked 
| 152|0x000000070ac00000, 0x000000070ac00000, 0x000000070ad00000|  0%| F|  |TAMS 0x000000070ac00000, 0x000000070ac00000| Untracked 
| 153|0x000000070ad00000, 0x000000070ad00000, 0x000000070ae00000|  0%| F|  |TAMS 0x000000070ad00000, 0x000000070ad00000| Untracked 
| 154|0x000000070ae00000, 0x000000070ae00000, 0x000000070af00000|  0%| F|  |TAMS 0x000000070ae00000, 0x000000070ae00000| Untracked 
| 155|0x000000070af00000, 0x000000070af00000, 0x000000070b000000|  0%| F|  |TAMS 0x000000070af00000, 0x000000070af00000| Untracked 
| 156|0x000000070b000000, 0x000000070b000000, 0x000000070b100000|  0%| F|  |TAMS 0x000000070b000000, 0x000000070b000000| Untracked 
| 157|0x000000070b100000, 0x000000070b100000, 0x000000070b200000|  0%| F|  |TAMS 0x000000070b100000, 0x000000070b100000| Untracked 
| 158|0x000000070b200000, 0x000000070b200000, 0x000000070b300000|  0%| F|  |TAMS 0x000000070b200000, 0x000000070b200000| Untracked 
| 159|0x000000070b300000, 0x000000070b300000, 0x000000070b400000|  0%| F|  |TAMS 0x000000070b300000, 0x000000070b300000| Untracked 
| 160|0x000000070b400000, 0x000000070b400000, 0x000000070b500000|  0%| F|  |TAMS 0x000000070b400000, 0x000000070b400000| Untracked 
| 161|0x000000070b500000, 0x000000070b500000, 0x000000070b600000|  0%| F|  |TAMS 0x000000070b500000, 0x000000070b500000| Untracked 
| 162|0x000000070b600000, 0x000000070b600000, 0x000000070b700000|  0%| F|  |TAMS 0x000000070b600000, 0x000000070b600000| Untracked 
| 163|0x000000070b700000, 0x000000070b700000, 0x000000070b800000|  0%| F|  |TAMS 0x000000070b700000, 0x000000070b700000| Untracked 
| 164|0x000000070b800000, 0x000000070b800000, 0x000000070b900000|  0%| F|  |TAMS 0x000000070b800000, 0x000000070b800000| Untracked 
| 165|0x000000070b900000, 0x000000070b900000, 0x000000070ba00000|  0%| F|  |TAMS 0x000000070b900000, 0x000000070b900000| Untracked 
| 166|0x000000070ba00000, 0x000000070ba00000, 0x000000070bb00000|  0%| F|  |TAMS 0x000000070ba00000, 0x000000070ba00000| Untracked 
| 167|0x000000070bb00000, 0x000000070bb00000, 0x000000070bc00000|  0%| F|  |TAMS 0x000000070bb00000, 0x000000070bb00000| Untracked 
| 168|0x000000070bc00000, 0x000000070bc00000, 0x000000070bd00000|  0%| F|  |TAMS 0x000000070bc00000, 0x000000070bc00000| Untracked 
| 169|0x000000070bd00000, 0x000000070bd00000, 0x000000070be00000|  0%| F|  |TAMS 0x000000070bd00000, 0x000000070bd00000| Untracked 
| 170|0x000000070be00000, 0x000000070be00000, 0x000000070bf00000|  0%| F|  |TAMS 0x000000070be00000, 0x000000070be00000| Untracked 
| 171|0x000000070bf00000, 0x000000070bf00000, 0x000000070c000000|  0%| F|  |TAMS 0x000000070bf00000, 0x000000070bf00000| Untracked 
| 172|0x000000070c000000, 0x000000070c000000, 0x000000070c100000|  0%| F|  |TAMS 0x000000070c000000, 0x000000070c000000| Untracked 
| 173|0x000000070c100000, 0x000000070c100000, 0x000000070c200000|  0%| F|  |TAMS 0x000000070c100000, 0x000000070c100000| Untracked 
| 174|0x000000070c200000, 0x000000070c200000, 0x000000070c300000|  0%| F|  |TAMS 0x000000070c200000, 0x000000070c200000| Untracked 
| 175|0x000000070c300000, 0x000000070c300000, 0x000000070c400000|  0%| F|  |TAMS 0x000000070c300000, 0x000000070c300000| Untracked 
| 176|0x000000070c400000, 0x000000070c400000, 0x000000070c500000|  0%| F|  |TAMS 0x000000070c400000, 0x000000070c400000| Untracked 
| 177|0x000000070c500000, 0x000000070c500000, 0x000000070c600000|  0%| F|  |TAMS 0x000000070c500000, 0x000000070c500000| Untracked 
| 178|0x000000070c600000, 0x000000070c600000, 0x000000070c700000|  0%| F|  |TAMS 0x000000070c600000, 0x000000070c600000| Untracked 
| 179|0x000000070c700000, 0x000000070c700000, 0x000000070c800000|  0%| F|  |TAMS 0x000000070c700000, 0x000000070c700000| Untracked 
| 180|0x000000070c800000, 0x000000070c800000, 0x000000070c900000|  0%| F|  |TAMS 0x000000070c800000, 0x000000070c800000| Untracked 
| 181|0x000000070c900000, 0x000000070c900000, 0x000000070ca00000|  0%| F|  |TAMS 0x000000070c900000, 0x000000070c900000| Untracked 
| 182|0x000000070ca00000, 0x000000070ca00000, 0x000000070cb00000|  0%| F|  |TAMS 0x000000070ca00000, 0x000000070ca00000| Untracked 
| 183|0x000000070cb00000, 0x000000070cb00000, 0x000000070cc00000|  0%| F|  |TAMS 0x000000070cb00000, 0x000000070cb00000| Untracked 
| 184|0x000000070cc00000, 0x000000070cc00000, 0x000000070cd00000|  0%| F|  |TAMS 0x000000070cc00000, 0x000000070cc00000| Untracked 
| 185|0x000000070cd00000, 0x000000070cd5dfa0, 0x000000070ce00000| 36%| S|CS|TAMS 0x000000070cd00000, 0x000000070cd00000| Complete 
| 186|0x000000070ce00000, 0x000000070cf00000, 0x000000070cf00000|100%| S|CS|TAMS 0x000000070ce00000, 0x000000070ce00000| Complete 
| 187|0x000000070cf00000, 0x000000070d000000, 0x000000070d000000|100%| S|CS|TAMS 0x000000070cf00000, 0x000000070cf00000| Complete 
| 188|0x000000070d000000, 0x000000070d100000, 0x000000070d100000|100%| S|CS|TAMS 0x000000070d000000, 0x000000070d000000| Complete 
| 189|0x000000070d100000, 0x000000070d100000, 0x000000070d200000|  0%| F|  |TAMS 0x000000070d100000, 0x000000070d100000| Untracked 
| 190|0x000000070d200000, 0x000000070d200000, 0x000000070d300000|  0%| F|  |TAMS 0x000000070d200000, 0x000000070d200000| Untracked 
| 191|0x000000070d300000, 0x000000070d300000, 0x000000070d400000|  0%| F|  |TAMS 0x000000070d300000, 0x000000070d300000| Untracked 
| 192|0x000000070d400000, 0x000000070d400000, 0x000000070d500000|  0%| F|  |TAMS 0x000000070d400000, 0x000000070d400000| Untracked 
| 193|0x000000070d500000, 0x000000070d500000, 0x000000070d600000|  0%| F|  |TAMS 0x000000070d500000, 0x000000070d500000| Untracked 
| 194|0x000000070d600000, 0x000000070d600000, 0x000000070d700000|  0%| F|  |TAMS 0x000000070d600000, 0x000000070d600000| Untracked 
| 195|0x000000070d700000, 0x000000070d700000, 0x000000070d800000|  0%| F|  |TAMS 0x000000070d700000, 0x000000070d700000| Untracked 
| 196|0x000000070d800000, 0x000000070d800000, 0x000000070d900000|  0%| F|  |TAMS 0x000000070d800000, 0x000000070d800000| Untracked 
| 197|0x000000070d900000, 0x000000070d900000, 0x000000070da00000|  0%| F|  |TAMS 0x000000070d900000, 0x000000070d900000| Untracked 
| 198|0x000000070da00000, 0x000000070da00000, 0x000000070db00000|  0%| F|  |TAMS 0x000000070da00000, 0x000000070da00000| Untracked 
| 199|0x000000070db00000, 0x000000070db00000, 0x000000070dc00000|  0%| F|  |TAMS 0x000000070db00000, 0x000000070db00000| Untracked 
| 200|0x000000070dc00000, 0x000000070dc00000, 0x000000070dd00000|  0%| F|  |TAMS 0x000000070dc00000, 0x000000070dc00000| Untracked 
| 201|0x000000070dd00000, 0x000000070dd00000, 0x000000070de00000|  0%| F|  |TAMS 0x000000070dd00000, 0x000000070dd00000| Untracked 
| 202|0x000000070de00000, 0x000000070de00000, 0x000000070df00000|  0%| F|  |TAMS 0x000000070de00000, 0x000000070de00000| Untracked 
| 203|0x000000070df00000, 0x000000070df00000, 0x000000070e000000|  0%| F|  |TAMS 0x000000070df00000, 0x000000070df00000| Untracked 
| 204|0x000000070e000000, 0x000000070e000000, 0x000000070e100000|  0%| F|  |TAMS 0x000000070e000000, 0x000000070e000000| Untracked 
| 205|0x000000070e100000, 0x000000070e100000, 0x000000070e200000|  0%| F|  |TAMS 0x000000070e100000, 0x000000070e100000| Untracked 
| 206|0x000000070e200000, 0x000000070e200000, 0x000000070e300000|  0%| F|  |TAMS 0x000000070e200000, 0x000000070e200000| Untracked 
| 207|0x000000070e300000, 0x000000070e300000, 0x000000070e400000|  0%| F|  |TAMS 0x000000070e300000, 0x000000070e300000| Untracked 
| 208|0x000000070e400000, 0x000000070e400000, 0x000000070e500000|  0%| F|  |TAMS 0x000000070e400000, 0x000000070e400000| Untracked 
| 209|0x000000070e500000, 0x000000070e500000, 0x000000070e600000|  0%| F|  |TAMS 0x000000070e500000, 0x000000070e500000| Untracked 
| 210|0x000000070e600000, 0x000000070e600000, 0x000000070e700000|  0%| F|  |TAMS 0x000000070e600000, 0x000000070e600000| Untracked 
| 211|0x000000070e700000, 0x000000070e700000, 0x000000070e800000|  0%| F|  |TAMS 0x000000070e700000, 0x000000070e700000| Untracked 
| 212|0x000000070e800000, 0x000000070e800000, 0x000000070e900000|  0%| F|  |TAMS 0x000000070e800000, 0x000000070e800000| Untracked 
| 213|0x000000070e900000, 0x000000070e900000, 0x000000070ea00000|  0%| F|  |TAMS 0x000000070e900000, 0x000000070e900000| Untracked 
| 214|0x000000070ea00000, 0x000000070ea00000, 0x000000070eb00000|  0%| F|  |TAMS 0x000000070ea00000, 0x000000070ea00000| Untracked 
| 215|0x000000070eb00000, 0x000000070eb00000, 0x000000070ec00000|  0%| F|  |TAMS 0x000000070eb00000, 0x000000070eb00000| Untracked 
| 216|0x000000070ec00000, 0x000000070ec00000, 0x000000070ed00000|  0%| F|  |TAMS 0x000000070ec00000, 0x000000070ec00000| Untracked 
| 217|0x000000070ed00000, 0x000000070ed00000, 0x000000070ee00000|  0%| F|  |TAMS 0x000000070ed00000, 0x000000070ed00000| Untracked 
| 218|0x000000070ee00000, 0x000000070ee00000, 0x000000070ef00000|  0%| F|  |TAMS 0x000000070ee00000, 0x000000070ee00000| Untracked 
| 219|0x000000070ef00000, 0x000000070ef00000, 0x000000070f000000|  0%| F|  |TAMS 0x000000070ef00000, 0x000000070ef00000| Untracked 
| 220|0x000000070f000000, 0x000000070f000000, 0x000000070f100000|  0%| F|  |TAMS 0x000000070f000000, 0x000000070f000000| Untracked 
| 221|0x000000070f100000, 0x000000070f100000, 0x000000070f200000|  0%| F|  |TAMS 0x000000070f100000, 0x000000070f100000| Untracked 
| 222|0x000000070f200000, 0x000000070f200000, 0x000000070f300000|  0%| F|  |TAMS 0x000000070f200000, 0x000000070f200000| Untracked 
| 223|0x000000070f300000, 0x000000070f300000, 0x000000070f400000|  0%| F|  |TAMS 0x000000070f300000, 0x000000070f300000| Untracked 
| 224|0x000000070f400000, 0x000000070f400000, 0x000000070f500000|  0%| F|  |TAMS 0x000000070f400000, 0x000000070f400000| Untracked 
| 225|0x000000070f500000, 0x000000070f500000, 0x000000070f600000|  0%| F|  |TAMS 0x000000070f500000, 0x000000070f500000| Untracked 
| 226|0x000000070f600000, 0x000000070f600000, 0x000000070f700000|  0%| F|  |TAMS 0x000000070f600000, 0x000000070f600000| Untracked 
| 227|0x000000070f700000, 0x000000070f700000, 0x000000070f800000|  0%| F|  |TAMS 0x000000070f700000, 0x000000070f700000| Untracked 
| 228|0x000000070f800000, 0x000000070f800000, 0x000000070f900000|  0%| F|  |TAMS 0x000000070f800000, 0x000000070f800000| Untracked 
| 229|0x000000070f900000, 0x000000070fa00000, 0x000000070fa00000|100%| E|  |TAMS 0x000000070f900000, 0x000000070f900000| Complete 
| 230|0x000000070fa00000, 0x000000070fb00000, 0x000000070fb00000|100%| E|CS|TAMS 0x000000070fa00000, 0x000000070fa00000| Complete 
| 231|0x000000070fb00000, 0x000000070fc00000, 0x000000070fc00000|100%| E|CS|TAMS 0x000000070fb00000, 0x000000070fb00000| Complete 
| 232|0x000000070fc00000, 0x000000070fd00000, 0x000000070fd00000|100%| E|CS|TAMS 0x000000070fc00000, 0x000000070fc00000| Complete 
| 233|0x000000070fd00000, 0x000000070fe00000, 0x000000070fe00000|100%| E|CS|TAMS 0x000000070fd00000, 0x000000070fd00000| Complete 
| 234|0x000000070fe00000, 0x000000070ff00000, 0x000000070ff00000|100%| E|CS|TAMS 0x000000070fe00000, 0x000000070fe00000| Complete 
| 235|0x000000070ff00000, 0x0000000710000000, 0x0000000710000000|100%| E|CS|TAMS 0x000000070ff00000, 0x000000070ff00000| Complete 
| 236|0x0000000710000000, 0x0000000710100000, 0x0000000710100000|100%| E|CS|TAMS 0x0000000710000000, 0x0000000710000000| Complete 
| 237|0x0000000710100000, 0x0000000710200000, 0x0000000710200000|100%| E|CS|TAMS 0x0000000710100000, 0x0000000710100000| Complete 
| 238|0x0000000710200000, 0x0000000710300000, 0x0000000710300000|100%| E|CS|TAMS 0x0000000710200000, 0x0000000710200000| Complete 
| 239|0x0000000710300000, 0x0000000710400000, 0x0000000710400000|100%| E|CS|TAMS 0x0000000710300000, 0x0000000710300000| Complete 
| 240|0x0000000710400000, 0x0000000710500000, 0x0000000710500000|100%| E|CS|TAMS 0x0000000710400000, 0x0000000710400000| Complete 
| 241|0x0000000710500000, 0x0000000710600000, 0x0000000710600000|100%| E|  |TAMS 0x0000000710500000, 0x0000000710500000| Complete 
| 242|0x0000000710600000, 0x0000000710700000, 0x0000000710700000|100%| E|CS|TAMS 0x0000000710600000, 0x0000000710600000| Complete 
| 243|0x0000000710700000, 0x0000000710800000, 0x0000000710800000|100%| E|CS|TAMS 0x0000000710700000, 0x0000000710700000| Complete 
| 244|0x0000000710800000, 0x0000000710900000, 0x0000000710900000|100%| E|CS|TAMS 0x0000000710800000, 0x0000000710800000| Complete 
| 245|0x0000000710900000, 0x0000000710a00000, 0x0000000710a00000|100%| E|CS|TAMS 0x0000000710900000, 0x0000000710900000| Complete 
| 246|0x0000000710a00000, 0x0000000710b00000, 0x0000000710b00000|100%| E|CS|TAMS 0x0000000710a00000, 0x0000000710a00000| Complete 
| 247|0x0000000710b00000, 0x0000000710c00000, 0x0000000710c00000|100%| E|CS|TAMS 0x0000000710b00000, 0x0000000710b00000| Complete 
| 248|0x0000000710c00000, 0x0000000710d00000, 0x0000000710d00000|100%| E|CS|TAMS 0x0000000710c00000, 0x0000000710c00000| Complete 
| 249|0x0000000710d00000, 0x0000000710e00000, 0x0000000710e00000|100%| E|CS|TAMS 0x0000000710d00000, 0x0000000710d00000| Complete 
| 250|0x0000000710e00000, 0x0000000710f00000, 0x0000000710f00000|100%| E|CS|TAMS 0x0000000710e00000, 0x0000000710e00000| Complete 
| 251|0x0000000710f00000, 0x0000000711000000, 0x0000000711000000|100%| E|CS|TAMS 0x0000000710f00000, 0x0000000710f00000| Complete 
| 252|0x0000000711000000, 0x0000000711100000, 0x0000000711100000|100%| E|CS|TAMS 0x0000000711000000, 0x0000000711000000| Complete 
| 253|0x0000000711100000, 0x0000000711200000, 0x0000000711200000|100%| E|CS|TAMS 0x0000000711100000, 0x0000000711100000| Complete 
| 254|0x0000000711200000, 0x0000000711300000, 0x0000000711300000|100%| E|CS|TAMS 0x0000000711200000, 0x0000000711200000| Complete 
| 255|0x0000000711300000, 0x0000000711400000, 0x0000000711400000|100%| E|CS|TAMS 0x0000000711300000, 0x0000000711300000| Complete 

Card table byte_map: [0x0000022fb6b60000,0x0000022fb7360000] _byte_map_base: 0x0000022fb3356000

Marking Bits (Prev, Next): (CMBitMap*) 0x0000022f9c51fdd0, (CMBitMap*) 0x0000022f9c51fd98
 Prev Bits: [0x0000022fbbb10000, 0x0000022fbfac0000)
 Next Bits: [0x0000022fb7b60000, 0x0000022fbbb10000)

Polling page: 0x0000022f9c5a0000

Metaspace:

Usage:
  Non-class:     25.05 MB capacity,    24.70 MB ( 99%) used,   292.99 KB (  1%) free+waste,    65.31 KB ( <1%) overhead. 
      Class:      3.03 MB capacity,     2.80 MB ( 92%) used,   207.38 KB (  7%) free+waste,    31.88 KB (  1%) overhead. 
       Both:     28.08 MB capacity,    27.50 MB ( 98%) used,   500.38 KB (  2%) free+waste,    97.19 KB ( <1%) overhead. 

Virtual space:
  Non-class space:       26.00 MB reserved,      25.25 MB ( 97%) committed 
      Class space:        1.00 GB reserved,       3.13 MB ( <1%) committed 
             Both:        1.03 GB reserved,      28.38 MB (  3%) committed 

Chunk freelists:
   Non-Class:  137.00 KB
       Class:  1.00 KB
        Both:  138.00 KB

MaxMetaspaceSize: 17179869184.00 GB
CompressedClassSpaceSize: 1.00 GB

CodeHeap 'non-profiled nmethods': size=119168Kb used=1067Kb max_used=1067Kb free=118100Kb
 bounds [0x0000022fadf50000, 0x0000022fae1c0000, 0x0000022fb53b0000]
CodeHeap 'profiled nmethods': size=119168Kb used=6075Kb max_used=6075Kb free=113092Kb
 bounds [0x0000022fa6af0000, 0x0000022fa70e0000, 0x0000022fadf50000]
CodeHeap 'non-nmethods': size=7424Kb used=3337Kb max_used=3357Kb free=4086Kb
 bounds [0x0000022fa63b0000, 0x0000022fa6700000, 0x0000022fa6af0000]
 total_blobs=3949 nmethods=2711 adapters=1145
 compilation: enabled
              stopped_count=0, restarted_count=0
 full_count=0

Compilation events (20 events):
Event: 7.417 Thread 0x0000022fd1114000 nmethod 2686 0x0000022fae051010 code [0x0000022fae051240, 0x0000022fae051690]
Event: 7.417 Thread 0x0000022fd1114000 2705 %     4       java.lang.StringCoding::decodeUTF8_0 @ 199 (897 bytes)
Event: 7.417 Thread 0x0000022fd1100000 nmethod 2685 0x0000022fae051c10 code [0x0000022fae051ec0, 0x0000022fae052f48]
Event: 7.417 Thread 0x0000022fd1100000 2699       4       java.lang.Integer::valueOf (32 bytes)
Event: 7.417 Thread 0x0000022fd1113800 nmethod 2702 0x0000022fae053e90 code [0x0000022fae054040, 0x0000022fae054438]
Event: 7.417 Thread 0x0000022fd1113800 2696 %     4       jogamp.opengl.util.pngj.PngReader::unfilterRowUp @ 2 (34 bytes)
Event: 7.417 Thread 0x0000022fc353c000 2706       3       java.lang.invoke.DelegatingMethodHandle::makeReinvokerForm (10 bytes)
Event: 7.417 Thread 0x0000022fc36bb000 2707       3       java.lang.invoke.DelegatingMethodHandle::makeReinvokerForm (344 bytes)
Event: 7.417 Thread 0x0000022fc353c000 nmethod 2706 0x0000022fa70d9b90 code [0x0000022fa70d9d40, 0x0000022fa70d9e68]
Event: 7.418 Thread 0x0000022fc68ed800 2708       3       java.lang.invoke.BoundMethodHandle$Species_L::copyWith (14 bytes)
Event: 7.418 Thread 0x0000022fc68ed800 nmethod 2708 0x0000022fa70d9f10 code [0x0000022fa70da0e0, 0x0000022fa70da348]
Event: 7.418 Thread 0x0000022fd1100000 nmethod 2699 0x0000022fae054690 code [0x0000022fae054820, 0x0000022fae0548f8]
Event: 7.418 Thread 0x0000022fc36bb000 nmethod 2707 0x0000022fa70da490 code [0x0000022fa70da860, 0x0000022fa70dc9f8]
Event: 7.419 Thread 0x0000022fd1113800 nmethod 2696% 0x0000022fae054990 code [0x0000022fae054b20, 0x0000022fae054cd8]
Event: 7.422 Thread 0x0000022fd1100000 2709       4       java.util.ArrayList::add (25 bytes)
Event: 7.422 Thread 0x0000022fc36bc000 2710       3       java.lang.invoke.BoundMethodHandle$Species_L::make (11 bytes)
Event: 7.422 Thread 0x0000022fc68ed800 2711   !   3       java.lang.invoke.BoundMethodHandle$Species_L::copyWithExtendL (31 bytes)
Event: 7.422 Thread 0x0000022fc36bc000 nmethod 2710 0x0000022fa70dd810 code [0x0000022fa70dd9e0, 0x0000022fa70ddc48]
Event: 7.422 Thread 0x0000022fc68ed800 nmethod 2711 0x0000022fa70ddd90 code [0x0000022fa70ddfe0, 0x0000022fa70deba8]
Event: 7.424 Thread 0x0000022fd1100000 nmethod 2709 0x0000022fae054e90 code [0x0000022fae055040, 0x0000022fae055588]

GC Heap History (6 events):
Event: 5.197 GC heap before
{Heap before GC invocations=0 (full 0):
 garbage-first heap   total 262144K, used 25600K [0x0000000701400000, 0x0000000800000000)
  region size 1024K, 24 young (24576K), 0 survivors (0K)
 Metaspace       used 20094K, capacity 20598K, committed 20608K, reserved 1067008K
  class space    used 2210K, capacity 2426K, committed 2432K, reserved 1048576K
}
Event: 5.201 GC heap after
{Heap after GC invocations=1 (full 0):
 garbage-first heap   total 262144K, used 4306K [0x0000000701400000, 0x0000000800000000)
  region size 1024K, 3 young (3072K), 3 survivors (3072K)
 Metaspace       used 20094K, capacity 20598K, committed 20608K, reserved 1067008K
  class space    used 2210K, capacity 2426K, committed 2432K, reserved 1048576K
}
Event: 5.933 GC heap before
{Heap before GC invocations=1 (full 0):
 garbage-first heap   total 262144K, used 157906K [0x0000000701400000, 0x0000000800000000)
  region size 1024K, 153 young (156672K), 3 survivors (3072K)
 Metaspace       used 20251K, capacity 20726K, committed 20864K, reserved 1067008K
  class space    used 2217K, capacity 2426K, committed 2432K, reserved 1048576K
}
Event: 5.936 GC heap after
{Heap after GC invocations=2 (full 0):
 garbage-first heap   total 262144K, used 4485K [0x0000000701400000, 0x0000000800000000)
  region size 1024K, 4 young (4096K), 4 survivors (4096K)
 Metaspace       used 20251K, capacity 20726K, committed 20864K, reserved 1067008K
  class space    used 2217K, capacity 2426K, committed 2432K, reserved 1048576K
}
Event: 6.429 GC heap before
{Heap before GC invocations=2 (full 0):
 garbage-first heap   total 262144K, used 73093K [0x0000000701400000, 0x0000000800000000)
  region size 1024K, 71 young (72704K), 4 survivors (4096K)
 Metaspace       used 20711K, capacity 21174K, committed 21248K, reserved 1069056K
  class space    used 2273K, capacity 2493K, committed 2560K, reserved 1048576K
}
Event: 6.432 GC heap after
{Heap after GC invocations=3 (full 0):
 garbage-first heap   total 262144K, used 5705K [0x0000000701400000, 0x0000000800000000)
  region size 1024K, 4 young (4096K), 4 survivors (4096K)
 Metaspace       used 20711K, capacity 21174K, committed 21248K, reserved 1069056K
  class space    used 2273K, capacity 2493K, committed 2560K, reserved 1048576K
}

Deoptimization events (20 events):
Event: 7.407 Thread 0x0000022fc3a47800 DEOPT PACKING pc=0x0000022fa70aaf2a sp=0x000000f5264fc5c0
Event: 7.407 Thread 0x0000022fc3a47800 DEOPT UNPACKING pc=0x0000022fa63d754e sp=0x000000f5264fba58 mode 0
Event: 7.408 Thread 0x0000022fc3a47800 DEOPT PACKING pc=0x0000022fa70aaf2a sp=0x000000f5264fc5c0
Event: 7.408 Thread 0x0000022fc3a47800 DEOPT UNPACKING pc=0x0000022fa63d754e sp=0x000000f5264fba58 mode 0
Event: 7.408 Thread 0x0000022fc3a47800 DEOPT PACKING pc=0x0000022fa70aaf2a sp=0x000000f5264fc5c0
Event: 7.408 Thread 0x0000022fc3a47800 DEOPT UNPACKING pc=0x0000022fa63d754e sp=0x000000f5264fba58 mode 0
Event: 7.408 Thread 0x0000022fc3a47800 DEOPT PACKING pc=0x0000022fa70aaf2a sp=0x000000f5264fc5c0
Event: 7.408 Thread 0x0000022fc3a47800 DEOPT UNPACKING pc=0x0000022fa63d754e sp=0x000000f5264fba58 mode 0
Event: 7.408 Thread 0x0000022fc3a47800 DEOPT PACKING pc=0x0000022fa70aaf2a sp=0x000000f5264fc5c0
Event: 7.408 Thread 0x0000022fc3a47800 DEOPT UNPACKING pc=0x0000022fa63d754e sp=0x000000f5264fba58 mode 0
Event: 7.408 Thread 0x0000022fc3a47800 DEOPT PACKING pc=0x0000022fa70aaf2a sp=0x000000f5264fc5c0
Event: 7.408 Thread 0x0000022fc3a47800 DEOPT UNPACKING pc=0x0000022fa63d754e sp=0x000000f5264fba58 mode 0
Event: 7.408 Thread 0x0000022fc3a47800 DEOPT PACKING pc=0x0000022fa70aaf2a sp=0x000000f5264fc5c0
Event: 7.408 Thread 0x0000022fc3a47800 DEOPT UNPACKING pc=0x0000022fa63d754e sp=0x000000f5264fba58 mode 0
Event: 7.408 Thread 0x0000022fc3a47800 DEOPT PACKING pc=0x0000022fa70aaf2a sp=0x000000f5264fc5c0
Event: 7.408 Thread 0x0000022fc3a47800 DEOPT UNPACKING pc=0x0000022fa63d754e sp=0x000000f5264fba58 mode 0
Event: 7.408 Thread 0x0000022fc3a47800 DEOPT PACKING pc=0x0000022fa70aaf2a sp=0x000000f5264fc5c0
Event: 7.408 Thread 0x0000022fc3a47800 DEOPT UNPACKING pc=0x0000022fa63d754e sp=0x000000f5264fba58 mode 0
Event: 7.410 Thread 0x0000022fc3a47800 DEOPT PACKING pc=0x0000022fa70aaf2a sp=0x000000f5264fc5c0
Event: 7.410 Thread 0x0000022fc3a47800 DEOPT UNPACKING pc=0x0000022fa63d754e sp=0x000000f5264fba58 mode 0

Classes redefined (0 events):
No events

Internal exceptions (20 events):
Event: 0.261 Thread 0x0000022f9c4b9000 Implicit null exception at 0x0000022fadf5ca2f to 0x0000022fadf5caa9
Event: 0.593 Thread 0x0000022f9c4b9000 Exception <a 'java/lang/NoSuchMethodError'{0x000000071076ea90}: 'void java.lang.invoke.DirectMethodHandle$Holder.invokeStaticInit(java.lang.Object)'> (0x000000071076ea90) thrown at [./src/hotspot/share/interpreter/linkResolver.cpp, line 773]
Event: 0.596 Thread 0x0000022f9c4b9000 Exception <a 'java/lang/NoSuchMethodError'{0x000000071063a1f8}: 'java.lang.Object java.lang.invoke.Invokers$Holder.linkToTargetMethod(java.lang.Object, int, java.lang.Object)'> (0x000000071063a1f8) thrown at [./src/hotspot/share/interpreter/linkResolver.cpp, line 773]
Event: 6.411 Thread 0x0000022f9c4b9000 Exception <a 'java/lang/NoSuchMethodError'{0x000000070d3ca708}: 'java.lang.Object java.lang.invoke.DirectMethodHandle$Holder.invokeSpecial(java.lang.Object, java.lang.Object, int, int, int, java.lang.Object, java.lang.Object, java.lang.Object)'> (0x000000070d3ca708) thrown at [./src/hotspot/share/interpreter/linkResolver.cpp, line 773]
Event: 6.411 Thread 0x0000022f9c4b9000 Exception <a 'java/lang/NoSuchMethodError'{0x000000070d3cdd48}: 'java.lang.Object java.lang.invoke.DelegatingMethodHandle$Holder.reinvoke_L(java.lang.Object, int, int, int, java.lang.Object, java.lang.Object, java.lang.Object)'> (0x000000070d3cdd48) thrown at [./src/hotspot/share/interpreter/linkResolver.cpp, line 773]
Event: 6.412 Thread 0x0000022f9c4b9000 Exception <a 'java/lang/NoSuchMethodError'{0x000000070d3d5080}: 'java.lang.Object java.lang.invoke.DirectMethodHandle$Holder.invokeStatic(java.lang.Object, java.lang.Object, java.lang.Object, java.lang.Object, java.lang.Object, int)'> (0x000000070d3d5080) thrown at [./src/hotspot/share/interpreter/linkResolver.cpp, line 773]
Event: 6.418 Thread 0x0000022fc3a47800 Implicit null exception at 0x0000022fadfe75a1 to 0x0000022fadfe7684
Event: 6.436 Thread 0x0000022fc3a47800 Exception <a 'java/lang/NoSuchMethodError'{0x0000000711304248}: 'int java.lang.invoke.DirectMethodHandle$Holder.invokeSpecialIFC(java.lang.Object, java.lang.Object, int)'> (0x0000000711304248) thrown at [./src/hotspot/share/interpreter/linkResolver.cpp, line 773]
Event: 6.444 Thread 0x0000022fc3a47800 Implicit null exception at 0x0000022fadfa9ff7 to 0x0000022fadfaa580
Event: 6.459 Thread 0x0000022fc3a47800 Exception <a 'java/lang/NoSuchMethodError'{0x000000071118b998}: 'java.lang.Object java.lang.invoke.DirectMethodHandle$Holder.invokeStatic(java.lang.Object, int, int, int, int)'> (0x000000071118b998) thrown at [./src/hotspot/share/interpreter/linkResolver.cpp, line 773]
Event: 6.459 Thread 0x0000022fc3a47800 Exception <a 'java/lang/NoSuchMethodError'{0x000000071118eac0}: 'java.lang.Object java.lang.invoke.DirectMethodHandle$Holder.invokeStaticInit(java.lang.Object, int, int, int, int)'> (0x000000071118eac0) thrown at [./src/hotspot/share/interpreter/linkResolver.cpp, line 773]
Event: 6.627 Thread 0x0000022fc3a47800 Implicit null exception at 0x0000022fadfe7a78 to 0x0000022fadfe7b54
Event: 6.631 Thread 0x0000022fc3a47800 Exception <a 'java/lang/NoSuchMethodError'{0x00000007111e54e0}: 'java.lang.Object java.lang.invoke.DirectMethodHandle$Holder.invokeStatic(java.lang.Object, java.lang.Object, int, int, int, int)'> (0x00000007111e54e0) thrown at [./src/hotspot/share/interpreter/linkResolver.cpp, line 773]
Event: 6.631 Thread 0x0000022fc3a47800 Exception <a 'java/lang/NoSuchMethodError'{0x00000007111e8838}: 'java.lang.Object java.lang.invoke.DirectMethodHandle$Holder.invokeStaticInit(java.lang.Object, java.lang.Object, int, int, int, int)'> (0x00000007111e8838) thrown at [./src/hotspot/share/interpreter/linkResolver.cpp, line 773]
Event: 6.651 Thread 0x0000022fc3a47800 Exception <a 'java/lang/NoSuchMethodError'{0x00000007110087f8}: 'void java.lang.invoke.DirectMethodHandle$Holder.invokeStatic(java.lang.Object, long)'> (0x00000007110087f8) thrown at [./src/hotspot/share/interpreter/linkResolver.cpp, line 773]
Event: 6.652 Thread 0x0000022fc3a47800 Exception <a 'java/lang/NoSuchMethodError'{0x000000071100da10}: 'java.lang.Object java.lang.invoke.DirectMethodHandle$Holder.invokeStatic(java.lang.Object, long)'> (0x000000071100da10) thrown at [./src/hotspot/share/interpreter/linkResolver.cpp, line 773]
Event: 6.653 Thread 0x0000022fc3a47800 Exception <a 'java/lang/NoSuchMethodError'{0x000000071101b9b0}: 'java.lang.Object java.lang.invoke.DirectMethodHandle$Holder.invokeStaticInit(java.lang.Object, java.lang.Object, long, java.lang.Object)'> (0x000000071101b9b0) thrown at [./src/hotspot/share/interpreter/linkResolver.cpp, line 773]
Event: 6.653 Thread 0x0000022fc3a47800 Exception <a 'java/lang/NoSuchMethodError'{0x00000007110216d0}: 'java.lang.Object java.lang.invoke.DirectMethodHandle$Holder.invokeStatic(java.lang.Object, java.lang.Object, long)'> (0x00000007110216d0) thrown at [./src/hotspot/share/interpreter/linkResolver.cpp, line 773]
Event: 6.653 Thread 0x0000022fc3a47800 Exception <a 'java/lang/NoSuchMethodError'{0x00000007110279a0}: 'java.lang.Object java.lang.invoke.Invokers$Holder.linkToTargetMethod(java.lang.Object, long, java.lang.Object)'> (0x00000007110279a0) thrown at [./src/hotspot/share/interpreter/linkResolver.cpp, line 773]
Event: 7.223 Thread 0x0000022fc3a47800 Exception <a 'java/lang/reflect/InvocationTargetException'{0x000000070ff7c7e8}> (0x000000070ff7c7e8) thrown at [./src/hotspot/share/runtime/reflection.cpp, line 1247]

Events (20 events):
Event: 7.387 loading class com/jogamp/opengl/util/texture/Texture done
Event: 7.388 loading class com/jogamp/opengl/util/texture/TextureCoords
Event: 7.388 loading class com/jogamp/opengl/util/texture/TextureCoords done
Event: 7.390 loading class computergraphics/House
Event: 7.390 loading class computergraphics/House done
Event: 7.390 Thread 0x0000022fd1100000 Thread added: 0x0000022fd1100000
Event: 7.397 loading class computergraphics/Cone
Event: 7.397 loading class computergraphics/Cone done
Event: 7.403 Thread 0x0000022fd1113800 Thread added: 0x0000022fd1113800
Event: 7.403 Thread 0x0000022fd1114000 Thread added: 0x0000022fd1114000
Event: 7.422 loading class com/jogamp/opengl/util/PMVMatrix
Event: 7.422 loading class com/jogamp/opengl/util/PMVMatrix done
Event: 7.423 loading class com/jogamp/opengl/math/FloatUtil
Event: 7.423 loading class com/jogamp/opengl/math/FloatUtil done
Event: 7.424 loading class com/jogamp/common/util/FloatStack
Event: 7.424 loading class com/jogamp/common/util/FloatStack done
Event: 7.424 loading class com/jogamp/common/util/PrimitiveStack
Event: 7.424 loading class com/jogamp/common/util/PrimitiveStack done
Event: 7.424 loading class com/jogamp/opengl/math/VectorUtil
Event: 7.424 loading class com/jogamp/opengl/math/VectorUtil done


Dynamic libraries:
0x00007ff60c050000 - 0x00007ff60c05d000 	C:\Program Files\AdoptOpenJDK\jdk-11.0.9.11-hotspot\bin\java.exe
0x00007ffc4c370000 - 0x00007ffc4c566000 	C:\WINDOWS\SYSTEM32\ntdll.dll
0x00007ffc4a690000 - 0x00007ffc4a74d000 	C:\WINDOWS\System32\KERNEL32.DLL
0x00007ffc49eb0000 - 0x00007ffc4a179000 	C:\WINDOWS\System32\KERNELBASE.dll
0x00007ffc49bc0000 - 0x00007ffc49cc0000 	C:\WINDOWS\System32\ucrtbase.dll
0x00007ffc464b0000 - 0x00007ffc464c5000 	C:\Program Files\AdoptOpenJDK\jdk-11.0.9.11-hotspot\bin\VCRUNTIME140.dll
0x00007ffc42ce0000 - 0x00007ffc42cf7000 	C:\Program Files\AdoptOpenJDK\jdk-11.0.9.11-hotspot\bin\jli.dll
0x00007ffc4ba20000 - 0x00007ffc4bbc0000 	C:\WINDOWS\System32\USER32.dll
0x00007ffc33060000 - 0x00007ffc332fb000 	C:\WINDOWS\WinSxS\amd64_microsoft.windows.common-controls_6595b64144ccf1df_6.0.19041.488_none_ca04af081b815d21\COMCTL32.dll
0x00007ffc49ab0000 - 0x00007ffc49ad2000 	C:\WINDOWS\System32\win32u.dll
0x00007ffc4a5c0000 - 0x00007ffc4a65e000 	C:\WINDOWS\System32\msvcrt.dll
0x00007ffc4a660000 - 0x00007ffc4a68a000 	C:\WINDOWS\System32\GDI32.dll
0x00007ffc49d40000 - 0x00007ffc49e49000 	C:\WINDOWS\System32\gdi32full.dll
0x00007ffc4a330000 - 0x00007ffc4a3cd000 	C:\WINDOWS\System32\msvcp_win.dll
0x00007ffc4b540000 - 0x00007ffc4b570000 	C:\WINDOWS\System32\IMM32.DLL
0x00007ffc2c1b0000 - 0x00007ffc2c24b000 	C:\Program Files\AdoptOpenJDK\jdk-11.0.9.11-hotspot\bin\msvcp140.dll
0x00007ffbc9e20000 - 0x00007ffbca963000 	C:\Program Files\AdoptOpenJDK\jdk-11.0.9.11-hotspot\bin\server\jvm.dll
0x00007ffc4b150000 - 0x00007ffc4b1fc000 	C:\WINDOWS\System32\ADVAPI32.dll
0x00007ffc4b440000 - 0x00007ffc4b4dc000 	C:\WINDOWS\System32\sechost.dll
0x00007ffc4a750000 - 0x00007ffc4a87b000 	C:\WINDOWS\System32\RPCRT4.dll
0x00007ffc4b9a0000 - 0x00007ffc4b9a8000 	C:\WINDOWS\System32\PSAPI.DLL
0x00007ffc23370000 - 0x00007ffc23379000 	C:\WINDOWS\SYSTEM32\WSOCK32.dll
0x00007ffc36d50000 - 0x00007ffc36d77000 	C:\WINDOWS\SYSTEM32\WINMM.dll
0x00007ffc4b570000 - 0x00007ffc4b5db000 	C:\WINDOWS\System32\WS2_32.dll
0x00007ffc42af0000 - 0x00007ffc42afa000 	C:\WINDOWS\SYSTEM32\VERSION.dll
0x00007ffc483b0000 - 0x00007ffc483c2000 	C:\WINDOWS\SYSTEM32\kernel.appcore.dll
0x00007ffc47060000 - 0x00007ffc47070000 	C:\Program Files\AdoptOpenJDK\jdk-11.0.9.11-hotspot\bin\verify.dll
0x00007ffc479e0000 - 0x00007ffc47bc4000 	C:\WINDOWS\SYSTEM32\DBGHELP.DLL
0x00007ffc30640000 - 0x00007ffc3066c000 	C:\WINDOWS\SYSTEM32\dbgcore.DLL
0x00007ffc49cc0000 - 0x00007ffc49d40000 	C:\WINDOWS\System32\bcryptPrimitives.dll
0x00007ffc41d30000 - 0x00007ffc41d58000 	C:\Program Files\AdoptOpenJDK\jdk-11.0.9.11-hotspot\bin\java.dll
0x00007ffc41d20000 - 0x00007ffc41d2a000 	C:\Program Files\AdoptOpenJDK\jdk-11.0.9.11-hotspot\bin\jimage.dll
0x00007ffc41cf0000 - 0x00007ffc41cfe000 	C:\Program Files\AdoptOpenJDK\jdk-11.0.9.11-hotspot\bin\instrument.dll
0x00007ffc41d00000 - 0x00007ffc41d17000 	C:\Program Files\AdoptOpenJDK\jdk-11.0.9.11-hotspot\bin\zip.dll
0x00007ffc4a950000 - 0x00007ffc4b092000 	C:\WINDOWS\System32\SHELL32.dll
0x00007ffc47c00000 - 0x00007ffc48395000 	C:\WINDOWS\SYSTEM32\windows.storage.dll
0x00007ffc4b5e0000 - 0x00007ffc4b936000 	C:\WINDOWS\System32\combase.dll
0x00007ffc49520000 - 0x00007ffc4954c000 	C:\WINDOWS\SYSTEM32\Wldp.dll
0x00007ffc4b0a0000 - 0x00007ffc4b14e000 	C:\WINDOWS\System32\SHCORE.dll
0x00007ffc4b940000 - 0x00007ffc4b995000 	C:\WINDOWS\System32\shlwapi.dll
0x00007ffc499e0000 - 0x00007ffc49a06000 	C:\WINDOWS\SYSTEM32\profapi.dll
0x00007ffc41cd0000 - 0x00007ffc41ce9000 	C:\Program Files\AdoptOpenJDK\jdk-11.0.9.11-hotspot\bin\net.dll
0x00007ffc3fc50000 - 0x00007ffc3fd50000 	C:\WINDOWS\SYSTEM32\WINHTTP.dll
0x00007ffc492a0000 - 0x00007ffc4930a000 	C:\WINDOWS\system32\mswsock.dll
0x00007ffc32450000 - 0x00007ffc32462000 	C:\Program Files\AdoptOpenJDK\jdk-11.0.9.11-hotspot\bin\nio.dll
0x00007ffc2ce40000 - 0x00007ffc2ce5a000 	C:\Program Files\JetBrains\IntelliJ IDEA Community Edition 2020.3\bin\breakgen64.dll
0x00007ffbc6de0000 - 0x00007ffbc9e13000 	C:\Users\gerri\Desktop\VC1\opencv440\opencv\build\java\x64\opencv_java440.dll
0x00007ffc4c110000 - 0x00007ffc4c23a000 	C:\WINDOWS\System32\ole32.dll
0x00007ffc4a880000 - 0x00007ffc4a94d000 	C:\WINDOWS\System32\OLEAUT32.dll
0x00007ffbf2810000 - 0x00007ffbf29a9000 	C:\Program Files\AdoptOpenJDK\jdk-11.0.9.11-hotspot\bin\awt.dll
0x00007ffc470b0000 - 0x00007ffc47140000 	C:\WINDOWS\SYSTEM32\apphelp.dll
0x00007ffc47260000 - 0x00007ffc472fe000 	C:\WINDOWS\system32\uxtheme.dll
0x00007ffc4a3d0000 - 0x00007ffc4a4e6000 	C:\WINDOWS\System32\MSCTF.dll
0x00007ffc47450000 - 0x00007ffc4747f000 	C:\WINDOWS\system32\DWMAPI.DLL
0x00007ffc2d3a0000 - 0x00007ffc2d450000 	C:\WINDOWS\WinSxS\amd64_microsoft.windows.common-controls_6595b64144ccf1df_5.82.19041.488_none_4238de57f6b64d28\comctl32.dll
0x00007ffc263f0000 - 0x00007ffc26472000 	C:\Program Files\AdoptOpenJDK\jdk-11.0.9.11-hotspot\bin\freetype.dll
0x00007ffc0cf80000 - 0x00007ffc0d026000 	C:\Program Files\AdoptOpenJDK\jdk-11.0.9.11-hotspot\bin\fontmanager.dll
0x00007ffbf39c0000 - 0x00007ffbf3ae5000 	C:\WINDOWS\system32\opengl32.dll
0x00007ffc43cb0000 - 0x00007ffc43cdc000 	C:\WINDOWS\SYSTEM32\GLU32.dll
0x00007ffc315a0000 - 0x00007ffc3176f000 	C:\WINDOWS\system32\d3d9.dll
0x00007ffc3be60000 - 0x00007ffc3bf65000 	C:\WINDOWS\System32\DriverStore\FileRepository\nvhdci.inf_amd64_828d0aafd3165403\nvldumdx.dll
0x00007ffc496a0000 - 0x00007ffc496b2000 	C:\WINDOWS\SYSTEM32\msasn1.dll
0x00007ffc3e020000 - 0x00007ffc3e051000 	C:\WINDOWS\SYSTEM32\cryptnet.dll
0x00007ffc4a1d0000 - 0x00007ffc4a32d000 	C:\WINDOWS\System32\CRYPT32.dll
0x00007ffc49490000 - 0x00007ffc4949c000 	C:\WINDOWS\SYSTEM32\cryptbase.dll
0x00007ffc49e50000 - 0x00007ffc49eb0000 	C:\WINDOWS\System32\WINTRUST.DLL
0x00007ffc4a5a0000 - 0x00007ffc4a5bd000 	C:\WINDOWS\System32\imagehlp.dll
0x00007ffc49470000 - 0x00007ffc49488000 	C:\WINDOWS\SYSTEM32\CRYPTSP.dll
0x00007ffc48bc0000 - 0x00007ffc48bf4000 	C:\WINDOWS\system32\rsaenh.dll
0x00007ffc49ae0000 - 0x00007ffc49b07000 	C:\WINDOWS\System32\bcrypt.dll
0x00007ffbe6460000 - 0x00007ffbe80a7000 	C:\WINDOWS\System32\DriverStore\FileRepository\nvhdci.inf_amd64_828d0aafd3165403\nvd3dumx.dll
0x00007ffbf4f40000 - 0x00007ffbf51f9000 	C:\WINDOWS\system32\nvspcap64.dll
0x00007ffc487f0000 - 0x00007ffc48823000 	C:\WINDOWS\SYSTEM32\ntmarta.dll
0x00007ffc483d0000 - 0x00007ffc483f3000 	C:\WINDOWS\SYSTEM32\gpapi.dll
0x00007ffc3c1c0000 - 0x00007ffc3c1fb000 	C:\WINDOWS\SYSTEM32\dxcore.dll
0x00007ffc4a180000 - 0x00007ffc4a1ce000 	C:\WINDOWS\System32\cfgmgr32.dll
0x00007ffc4a4f0000 - 0x00007ffc4a599000 	C:\WINDOWS\System32\clbcatq.dll
0x00007ffc45940000 - 0x00007ffc45a37000 	C:\WINDOWS\system32\propsys.dll
0x00007ffc47030000 - 0x00007ffc47047000 	C:\WINDOWS\system32\NetworkExplorer.dll
0x00007ffc32ba0000 - 0x00007ffc32bbd000 	C:\WINDOWS\SYSTEM32\MPR.dll
0x00007ffc12ed0000 - 0x00007ffc12edb000 	C:\WINDOWS\System32\drprov.dll
0x00007ffc488a0000 - 0x00007ffc488fa000 	C:\WINDOWS\System32\WINSTA.dll
0x00007ffc08c80000 - 0x00007ffc08c98000 	C:\WINDOWS\System32\ntlanman.dll
0x00007ffc08c60000 - 0x00007ffc08c7e000 	C:\WINDOWS\System32\davclnt.dll
0x00007ffc08c50000 - 0x00007ffc08c5d000 	C:\WINDOWS\System32\DAVHLPR.dll
0x00007ffc48cf0000 - 0x00007ffc48d07000 	C:\WINDOWS\System32\wkscli.dll
0x00007ffc25f20000 - 0x00007ffc25f32000 	C:\WINDOWS\SYSTEM32\cscapi.dll
0x00007ffc48f80000 - 0x00007ffc48f8c000 	C:\WINDOWS\System32\netutils.dll
0x00007ffc1b030000 - 0x00007ffc1b088000 	C:\Windows\System32\dlnashext.dll
0x00007ffc26ae0000 - 0x00007ffc26b44000 	C:\Windows\System32\PlayToDevice.dll
0x00007ffc30550000 - 0x00007ffc30570000 	C:\Windows\System32\DevDispItemProvider.dll
0x00007ffc42f20000 - 0x00007ffc42fa5000 	C:\WINDOWS\System32\MMDevApi.dll
0x00007ffc49860000 - 0x00007ffc4988c000 	C:\WINDOWS\System32\DEVOBJ.dll
0x00007ffc0ce40000 - 0x00007ffc0cee3000 	C:\WINDOWS\system32\wpdshext.dll
0x00007ffc2e4c0000 - 0x00007ffc2e666000 	C:\WINDOWS\WinSxS\amd64_microsoft.windows.gdiplus_6595b64144ccf1df_1.1.19041.685_none_faeca4db76168538\gdiplus.dll
0x00007ffc43a10000 - 0x00007ffc43ab1000 	C:\Windows\System32\PortableDeviceApi.dll
0x00007ffc4bbc0000 - 0x00007ffc4c027000 	C:\WINDOWS\System32\SETUPAPI.dll
0x00007ffc355b0000 - 0x00007ffc355e1000 	C:\Windows\System32\PortableDeviceTypes.dll
0x00007ffc22760000 - 0x00007ffc22797000 	C:\Windows\System32\EhStorShell.dll
0x00007ffc2c0d0000 - 0x00007ffc2c0f6000 	C:\Windows\System32\EhStorAPI.dll
0x00007ffc44920000 - 0x00007ffc44934000 	C:\Windows\System32\WTSAPI32.dll
0x00007ffc258e0000 - 0x00007ffc258ed000 	C:\WINDOWS\SYSTEM32\LINKINFO.dll
0x00007ffc407d0000 - 0x00007ffc40984000 	C:\WINDOWS\SYSTEM32\WindowsCodecs.dll
0x00007ffc29770000 - 0x00007ffc297ae000 	C:\WINDOWS\system32\dataexchange.dll
0x00007ffc464d0000 - 0x00007ffc466b7000 	C:\WINDOWS\system32\dcomp.dll
0x00007ffc44e80000 - 0x00007ffc450e4000 	C:\WINDOWS\system32\d3d11.dll
0x00007ffc48400000 - 0x00007ffc484f3000 	C:\WINDOWS\system32\dxgi.dll
0x00007ffc417e0000 - 0x00007ffc419e8000 	C:\WINDOWS\system32\twinapi.appcore.dll
0x00007ffc2c6d0000 - 0x00007ffc2c7cd000 	C:\WINDOWS\SYSTEM32\textinputframework.dll
0x00007ffc46a40000 - 0x00007ffc46d9e000 	C:\WINDOWS\System32\CoreUIComponents.dll
0x00007ffc46da0000 - 0x00007ffc46e92000 	C:\WINDOWS\System32\CoreMessaging.dll
0x00007ffc46060000 - 0x00007ffc461b6000 	C:\WINDOWS\SYSTEM32\wintypes.dll
0x00007ffc2e450000 - 0x00007ffc2e4b6000 	C:\WINDOWS\system32\Oleacc.dll
0x00007ffc499a0000 - 0x00007ffc499ce000 	C:\WINDOWS\SYSTEM32\USERENV.dll
0x00007ffc48f40000 - 0x00007ffc48f7b000 	C:\WINDOWS\SYSTEM32\IPHLPAPI.DLL
0x00007ffc4b9b0000 - 0x00007ffc4b9b8000 	C:\WINDOWS\System32\NSI.dll
0x00007ffc427b0000 - 0x00007ffc427c7000 	C:\WINDOWS\SYSTEM32\dhcpcsvc6.DLL
0x00007ffc42790000 - 0x00007ffc427ad000 	C:\WINDOWS\SYSTEM32\dhcpcsvc.DLL
0x00007ffc48f90000 - 0x00007ffc4905b000 	C:\WINDOWS\SYSTEM32\DNSAPI.dll
0x00000000637c0000 - 0x00000000637cd000 	C:\Users\gerri\AppData\Local\Temp\jogamp_0000\file_cache\jln14124268724974652635\jln6257162037488473889\natives\windows-amd64\gluegen-rt.dll
0x00007ffc32440000 - 0x00007ffc32447000 	C:\Program Files\AdoptOpenJDK\jdk-11.0.9.11-hotspot\bin\jawt.dll
0x000000006a440000 - 0x000000006a44d000 	C:\Users\gerri\AppData\Local\Temp\jogamp_0000\file_cache\jln14124268724974652635\jln6257162037488473889\natives\windows-amd64\nativewindow_awt.dll
0x000000006c100000 - 0x000000006c10f000 	C:\Users\gerri\AppData\Local\Temp\jogamp_0000\file_cache\jln14124268724974652635\jln6257162037488473889\natives\windows-amd64\nativewindow_win32.dll
0x0000000064500000 - 0x00000000645b1000 	C:\Users\gerri\AppData\Local\Temp\jogamp_0000\file_cache\jln14124268724974652635\jln6257162037488473889\natives\windows-amd64\jogl_desktop.dll
0x0000000064340000 - 0x00000000643a2000 	C:\Users\gerri\AppData\Local\Temp\jogamp_0000\file_cache\jln14124268724974652635\jln6257162037488473889\natives\windows-amd64\jogl_mobile.dll
0x00007ffc42fb0000 - 0x00007ffc430ab000 	C:\Windows\System32\AppXDeploymentClient.dll
0x00007ffbc0700000 - 0x00007ffbc3089000 	C:\WINDOWS\System32\DriverStore\FileRepository\nvhdci.inf_amd64_828d0aafd3165403\nvoglv64.dll
0x00007ffc490b0000 - 0x00007ffc490fb000 	C:\WINDOWS\SYSTEM32\powrprof.dll

dbghelp: loaded successfully - version: 4.0.5 - missing functions: none
symbol engine: initialized successfully - sym options: 0x614 - pdb path: .;C:\Program Files\AdoptOpenJDK\jdk-11.0.9.11-hotspot\bin;C:\WINDOWS\SYSTEM32;C:\WINDOWS\WinSxS\amd64_microsoft.windows.common-controls_6595b64144ccf1df_6.0.19041.488_none_ca04af081b815d21;C:\Program Files\AdoptOpenJDK\jdk-11.0.9.11-hotspot\bin\server;C:\Program Files\JetBrains\IntelliJ IDEA Community Edition 2020.3\bin;C:\Users\gerri\Desktop\VC1\opencv440\opencv\build\java\x64;C:\WINDOWS\WinSxS\amd64_microsoft.windows.common-controls_6595b64144ccf1df_5.82.19041.488_none_4238de57f6b64d28;C:\WINDOWS\System32\DriverStore\FileRepository\nvhdci.inf_amd64_828d0aafd3165403;C:\WINDOWS\WinSxS\amd64_microsoft.windows.gdiplus_6595b64144ccf1df_1.1.19041.685_none_faeca4db76168538;C:\Users\gerri\AppData\Local\Temp\jogamp_0000\file_cache\jln14124268724974652635\jln6257162037488473889\natives\windows-amd64

VM Arguments:
jvm_args: -Djava.library.path=C:\Users\gerri\Desktop\VC1\opencv440\opencv\build\java\x64 -javaagent:C:\Program Files\JetBrains\IntelliJ IDEA Community Edition 2020.3\lib\idea_rt.jar=63139:C:\Program Files\JetBrains\IntelliJ IDEA Community Edition 2020.3\bin -Dfile.encoding=UTF-8 
java_command: structure.Main
java_class_path (initial): C:\Users\gerri\Documents\GitHub\Parksimulator\out\production\Parksimulator;C:\Users\gerri\Desktop\VC1\jogamp-all-platforms\jar\gluegen-rt.jar;C:\Users\gerri\Desktop\VC1\jogamp-all-platforms\jar\jogl-all.jar;C:\Users\gerri\Desktop\VC1\opencv440\opencv\build\java\opencv-440.jar
Launcher Type: SUN_STANDARD

[Global flags]
     intx CICompilerCount                          = 12                                        {product} {ergonomic}
     uint ConcGCThreads                            = 3                                         {product} {ergonomic}
     uint G1ConcRefinementThreads                  = 13                                        {product} {ergonomic}
   size_t G1HeapRegionSize                         = 1048576                                   {product} {ergonomic}
    uintx GCDrainStackTargetSize                   = 64                                        {product} {ergonomic}
   size_t InitialHeapSize                          = 268435456                                 {product} {ergonomic}
   size_t MarkStackSize                            = 4194304                                   {product} {ergonomic}
   size_t MaxHeapSize                              = 4273995776                                {product} {ergonomic}
   size_t MaxNewSize                               = 2563768320                                {product} {ergonomic}
   size_t MinHeapDeltaBytes                        = 1048576                                   {product} {ergonomic}
    uintx NonNMethodCodeHeapSize                   = 7594288                                {pd product} {ergonomic}
    uintx NonProfiledCodeHeapSize                  = 122031976                              {pd product} {ergonomic}
    uintx ProfiledCodeHeapSize                     = 122031976                              {pd product} {ergonomic}
    uintx ReservedCodeCacheSize                    = 251658240                              {pd product} {ergonomic}
     bool SegmentedCodeCache                       = true                                      {product} {ergonomic}
     bool UseCompressedClassPointers               = true                                 {lp64_product} {ergonomic}
     bool UseCompressedOops                        = true                                 {lp64_product} {ergonomic}
     bool UseG1GC                                  = true                                      {product} {ergonomic}
     bool UseLargePagesIndividualAllocation        = false                                  {pd product} {ergonomic}

Logging:
Log output configuration:
 #0: stdout all=warning uptime,level,tags
 #1: stderr all=off uptime,level,tags

Environment Variables:
PATH=C:\Program Files\AdoptOpenJDK\jdk-11.0.9.11-hotspot\bin;C:\windows\system32;C:\windows;C:\windows\System32\Wbem;C:\windows\System32\WindowsPowerShell\v1.0\;C:\windows\System32\OpenSSH\;C:\Program Files (x86)\NVIDIA Corporation\PhysX\Common;C:\Program Files\NVIDIA Corporation\NVIDIA NvDLISR;C:\WINDOWS\system32;C:\WINDOWS;C:\WINDOWS\System32\Wbem;C:\WINDOWS\System32\WindowsPowerShell\v1.0\;C:\WINDOWS\System32\OpenSSH\;C:\Program Files (x86)\QuickTime\QTSystem\;C:\Program Files\Git\cmd;C:\Users\gerri\AppData\Local\Microsoft\WindowsApps;C:\Users\gerri\AppData\Local\GitHubDesktop\bin
USERNAME=gerri
OS=Windows_NT
PROCESSOR_IDENTIFIER=AMD64 Family 23 Model 113 Stepping 0, AuthenticAMD



---------------  S Y S T E M  ---------------

OS: Windows 10 , 64 bit Build 19041 (10.0.19041.662)
OS uptime: 0 days 6:06 hours

CPU:total 16 (initial active 16) (16 cores per cpu, 2 threads per core) family 23 model 113 stepping 0, cmov, cx8, fxsr, mmx, sse, sse2, sse3, ssse3, sse4.1, sse4.2, popcnt, avx, avx2, aes, clmul, mmxext, 3dnowpref, lzcnt, sse4a, ht, tsc, tscinvbit, tscinv, bmi1, bmi2, adx, sha, fma

Memory: 4k page, system-wide physical 16297M (9409M free)
TotalPageFile size 23721M (AvailPageFile size 12696M)
current process WorkingSet (physical memory assigned to process): 333M, peak: 333M
current process commit charge ("private bytes"): 512M, peak: 512M

vm_info: OpenJDK 64-Bit Server VM (11.0.9+11) for windows-amd64 JRE (11.0.9+11), built on Oct 24 2020 15:15:35 by "" with MS VC++ 15.9 (VS2017)

END.
