#
# A fatal error has been detected by the Java Runtime Environment:
#
#  EXCEPTION_ACCESS_VIOLATION (0xc0000005) at pc=0x00007fffa5bd2088, pid=9036, tid=8376
#
# JRE version: OpenJDK Runtime Environment AdoptOpenJDK (11.0.9+11) (build 11.0.9+11)
# Java VM: OpenJDK 64-Bit Server VM AdoptOpenJDK (11.0.9+11, mixed mode, tiered, compressed oops, g1 gc, windows-amd64)
# Problematic frame:
# C  [ig8icd64.dll+0x232088]
#
# No core dump will be written. Minidumps are not enabled by default on client versions of Windows
#
# If you would like to submit a bug report, please visit:
#   https://github.com/AdoptOpenJDK/openjdk-support/issues
# The crash happened outside the Java Virtual Machine in native code.
# See problematic frame for where to report the bug.
#

---------------  S U M M A R Y ------------

Command Line: -Djava.library.path=C:\Program Files\opencv\build\java\x64 -javaagent:C:\Users\chris\Downloads\ideaIC-2020.2.2.win\lib\idea_rt.jar=63351:C:\Users\chris\Downloads\ideaIC-2020.2.2.win\bin -Dfile.encoding=UTF-8 structure.Main

Host: Intel(R) Core(TM) i5-5200U CPU @ 2.20GHz, 4 cores, 7G,  Windows 10 , 64 bit Build 19041 (10.0.19041.662)
Time: Mon Dec  7 19:43:52 2020 Mitteleuropäische Zeit elapsed time: 9.050808 seconds (0d 0h 0m 9s)

---------------  T H R E A D  ---------------

Current thread (0x000002037a379000):  JavaThread "AWT-EventQueue-0" [_thread_in_native, id=8376, stack(0x0000008531900000,0x0000008531a00000)]

Stack: [0x0000008531900000,0x0000008531a00000],  sp=0x00000085319f92c0,  free space=996k
Native frames: (J=compiled Java code, j=interpreted, Vv=VM code, C=native code)
C  [ig8icd64.dll+0x232088]

Java frames: (J=compiled Java code, j=interpreted, Vv=VM code)
j  jogamp.opengl.gl4.GL4bcImpl.dispatch_glDrawArrays1(IIIJ)V+0
j  jogamp.opengl.gl4.GL4bcImpl.glDrawArrays(III)V+45
j  computergraphics.ShapesRendererPP.displaySuzanne(Lcom/jogamp/opengl/GL3;)V+66
j  computergraphics.ShapesRendererPP.display(Lcom/jogamp/opengl/GLAutoDrawable;)V+550
j  jogamp.opengl.GLDrawableHelper.displayImpl(Lcom/jogamp/opengl/GLAutoDrawable;)V+62
j  jogamp.opengl.GLDrawableHelper.display(Lcom/jogamp/opengl/GLAutoDrawable;)V+2
j  com.jogamp.opengl.awt.GLCanvas$11.run()V+118
j  jogamp.opengl.GLDrawableHelper.invokeGLImpl(Lcom/jogamp/opengl/GLDrawable;Lcom/jogamp/opengl/GLContext;Ljava/lang/Runnable;Ljava/lang/Runnable;)V+203
j  jogamp.opengl.GLDrawableHelper.invokeGL(Lcom/jogamp/opengl/GLDrawable;Lcom/jogamp/opengl/GLContext;Ljava/lang/Runnable;Ljava/lang/Runnable;)V+72
j  com.jogamp.opengl.awt.GLCanvas$12.run()V+104
j  java.awt.event.InvocationEvent.dispatch()V+11 java.desktop@11.0.9
j  java.awt.EventQueue.dispatchEventImpl(Ljava/awt/AWTEvent;Ljava/lang/Object;)V+21 java.desktop@11.0.9
j  java.awt.EventQueue$4.run()Ljava/lang/Void;+32 java.desktop@11.0.9
J 1397 c1 java.awt.EventQueue$4.run()Ljava/lang/Object; java.desktop@11.0.9 (5 bytes) @ 0x0000020363006a44 [0x00000203630069c0+0x0000000000000084]
v  ~StubRoutines::call_stub
J 1158  java.security.AccessController.doPrivileged(Ljava/security/PrivilegedAction;Ljava/security/AccessControlContext;)Ljava/lang/Object; java.base@11.0.9 (0 bytes) @ 0x000002036a32d4a6 [0x000002036a32d440+0x0000000000000066]
J 1395 c1 java.awt.EventQueue.dispatchEvent(Ljava/awt/AWTEvent;)V java.desktop@11.0.9 (80 bytes) @ 0x00000203630053bc [0x0000020363004ca0+0x000000000000071c]
j  java.awt.EventDispatchThread.pumpOneEventForFilters(I)V+78 java.desktop@11.0.9
j  java.awt.EventDispatchThread.pumpEventsForFilter(ILjava/awt/Conditional;Ljava/awt/EventFilter;)V+35 java.desktop@11.0.9
j  java.awt.EventDispatchThread.pumpEventsForHierarchy(ILjava/awt/Conditional;Ljava/awt/Component;)V+11 java.desktop@11.0.9
j  java.awt.EventDispatchThread.pumpEvents(ILjava/awt/Conditional;)V+4 java.desktop@11.0.9
j  java.awt.EventDispatchThread.pumpEvents(Ljava/awt/Conditional;)V+3 java.desktop@11.0.9
j  java.awt.EventDispatchThread.run()V+9 java.desktop@11.0.9
v  ~StubRoutines::call_stub

siginfo: EXCEPTION_ACCESS_VIOLATION (0xc0000005), reading address 0x0000000000000028


Register to memory mapping:

RIP=0x00007fffa5bd2088 ig8icd64.dll
RAX=0x000002037e4b8d40 points into unknown readable memory: 00 00 00 00 00 00 00 00
RBX=0x000002037a01f240 points into unknown readable memory: c0 b1 2e 7a 03 02 00 00
RCX=0x0 is NULL
RDX=0x000002037e4e7420 points into unknown readable memory: 00 00 00 00 00 00 00 00
RSP=0x00000085319f92c0 is pointing into the stack for thread: 0x000002037a379000
RBP=0x00000085319f93c0 is pointing into the stack for thread: 0x000002037a379000
RSI=0x000002037e4e7d00 points into unknown readable memory: 0a 00 00 00 00 00 00 00
RDI=0x0 is NULL
R8 =0x0 is NULL
R9 =0x000002037e49d810 points into unknown readable memory: 00 00 00 00 02 00 00 00
R10=0x0 is NULL
R11=0x0 is NULL
R12=0x000002037e4e7448 points into unknown readable memory: 00 00 00 00 00 00 00 00
R13=0x000000000000447c is an unknown value
R14=0x000002037e4b8e20 points into unknown readable memory: 00 00 00 00 00 00 00 00
R15=0x0 is NULL


Registers:
RAX=0x000002037e4b8d40, RBX=0x000002037a01f240, RCX=0x0000000000000000, RDX=0x000002037e4e7420
RSP=0x00000085319f92c0, RBP=0x00000085319f93c0, RSI=0x000002037e4e7d00, RDI=0x0000000000000000
R8 =0x0000000000000000, R9 =0x000002037e49d810, R10=0x0000000000000000, R11=0x0000000000000000
R12=0x000002037e4e7448, R13=0x000000000000447c, R14=0x000002037e4b8e20, R15=0x0000000000000000
RIP=0x00007fffa5bd2088, EFLAGS=0x0000000000010206

Top of Stack: (sp=0x00000085319f92c0)
0x00000085319f92c0:   0000000000000003 00007fffa7949b5f
0x00000085319f92d0:   0000000000000800 000002035a123000
0x00000085319f92e0:   000000857f59c2e0 fffffffffffffffe
0x00000085319f92f0:   0000000100000000 00007fff00000000
0x00000085319f9300:   00005a1779446920 00000085319fa800
0x00000085319f9310:   0000020300000014 000000007a379000
0x00000085319f9320:   000002037e4b8e20 00007fffffffffff
0x00000085319f9330:   0000000000000000 000002037a055090
0x00000085319f9340:   000002037e4e7448 0000000000000000
0x00000085319f9350:   0000008500000000 000002037e49d810
0x00000085319f9360:   ffffffff00000000 00007fff00000000
0x00000085319f9370:   00000203bf78e498 00007fffa794ac26
0x00000085319f9380:   00000085319fa870 00000000ffffffff
0x00000085319f9390:   00000203bf78e4ac 0000020300000000
0x00000085319f93a0:   000002037f59c240 00007fffa74c9e6f
0x00000085319f93b0:   00000085319f9468 00007fffa794a0e6 

Instructions: (pc=0x00007fffa5bd2088)
0x00007fffa5bd1f88:   41 8b cb 48 8d 04 49 48 8d 84 c5 b0 14 00 00 48
0x00007fffa5bd1f98:   89 45 c0 48 c1 e1 04 49 8d 44 24 04 48 03 c1 48
0x00007fffa5bd1fa8:   89 45 00 41 8b c2 48 89 45 10 44 8b ab b8 56 02
0x00007fffa5bd1fb8:   00 41 8b c8 41 8b c6 d3 e0 89 44 24 34 44 89 7c
0x00007fffa5bd1fc8:   24 5c 40 84 ff 0f 85 dc 05 00 00 85 83 f0 55 02
0x00007fffa5bd1fd8:   00 0f 84 7b 05 00 00 48 8b 93 00 4b 01 00 45 8b
0x00007fffa5bd1fe8:   f0 4a 8d 04 f5 05 00 00 00 49 03 c6 4c 8d 24 c2
0x00007fffa5bd1ff8:   4c 89 65 80 41 8b 4c 24 20 89 4c 24 5c 41 8b 44
0x00007fffa5bd2008:   24 18 48 8d 0c 40 48 c1 e1 04 48 8d b2 e0 08 00
0x00007fffa5bd2018:   00 48 03 f1 48 8b 46 18 80 bb 98 63 02 00 01 75
0x00007fffa5bd2028:   4a 48 8b 83 90 63 02 00 4e 8b ac f0 a0 00 00 00
0x00007fffa5bd2038:   49 83 c5 30 4c 89 6c 24 60 49 8b 7d 00 48 8b 4f
0x00007fffa5bd2048:   28 48 8b 49 20 48 8b 49 08 e8 ca fa 44 00 4c 8b
0x00007fffa5bd2058:   5d c0 41 89 43 08 48 8b 83 90 63 02 00 42 8b 4c
0x00007fffa5bd2068:   b0 20 41 89 4b 0c e9 a4 00 00 00 44 39 78 08 74
0x00007fffa5bd2078:   59 4c 8d b0 e0 00 00 00 4c 89 74 24 60 49 8b 3e
0x00007fffa5bd2088:   48 8b 4f 28 48 8b 49 20 48 8b 49 08 e8 87 fa 44
0x00007fffa5bd2098:   00 4c 8b 5d c0 41 89 43 08 8b 47 08 03 46 08 41
0x00007fffa5bd20a8:   89 43 0c 48 8b 47 28 48 8b 48 20 49 89 0b 8b 46
0x00007fffa5bd20b8:   10 89 85 30 18 00 00 44 8b 76 14 8b 44 24 34 09
0x00007fffa5bd20c8:   83 98 56 02 00 e9 fa 03 00 00 48 8b 4e 20 48 85
0x00007fffa5bd20d8:   c9 74 59 48 8b 05 b6 97 9f 00 44 39 b8 70 03 00
0x00007fffa5bd20e8:   00 74 49 48 8d 41 30 48 89 44 24 60 48 8b 38 48
0x00007fffa5bd20f8:   8b 4f 28 48 8b 49 20 48 8b 49 08 e8 18 fa 44 00
0x00007fffa5bd2108:   4c 8b 5d c0 41 89 43 08 8b 46 08 41 89 43 0c 48
0x00007fffa5bd2118:   8b 47 28 48 8b 48 20 49 89 0b 8b 46 10 89 85 30
0x00007fffa5bd2128:   18 00 00 44 8b 76 14 e9 98 03 00 00 44 8b 46 10
0x00007fffa5bd2138:   44 89 85 30 18 00 00 44 8b 4e 14 44 89 4c 24 6c
0x00007fffa5bd2148:   49 6b c6 38 4c 8d b3 c0 56 02 00 4c 03 f0 49 8b
0x00007fffa5bd2158:   0c 24 48 85 c9 0f 84 00 0b 00 00 49 8b 06 49 39
0x00007fffa5bd2168:   46 08 75 04 49 89 4e 08 49 89 0e 45 89 7e 1c 45
0x00007fffa5bd2178:   38 7c 24 44 75 06 44 38 7e 2c 74 10 44 88 bb bd 


Stack slot to memory mapping:
stack at sp + 0 slots: 0x0000000000000003 is an unknown value
stack at sp + 1 slots: 0x00007fffa7949b5f jvm.dll
stack at sp + 2 slots: 0x0000000000000800 is an unknown value
stack at sp + 3 slots: 0x000002035a123000 points into unknown readable memory: 78 c2 a6 a7 ff 7f 00 00
stack at sp + 4 slots: 0x000000857f59c2e0 is an unknown value
stack at sp + 5 slots: 0xfffffffffffffffe is an unknown value
stack at sp + 6 slots: 0x0000000100000000 is pointing into metadata
stack at sp + 7 slots: 0x00007fff00000000 is an unknown value


---------------  P R O C E S S  ---------------

Threads class SMR info:
_java_thread_list=0x000002037b9bcb30, length=20, elements={
0x0000020378fe3800, 0x0000020378fe4800, 0x00000203799b2800, 0x0000020378ffb800,
0x0000020379001800, 0x0000020379008800, 0x000002037900d000, 0x0000020378f76800,
0x0000020379c46000, 0x0000020379c46800, 0x0000020379f3d800, 0x0000020379f39000,
0x0000020379f4c000, 0x000002037a379000, 0x000002037a37a000, 0x000002037bb25800,
0x0000020379be3000, 0x0000020379be1800, 0x0000020379be2000, 0x000002037e4db800
}

Java Threads: ( => current thread )
  0x0000020378fe3800 JavaThread "Reference Handler" daemon [_thread_blocked, id=13876, stack(0x0000008530800000,0x0000008530900000)]
  0x0000020378fe4800 JavaThread "Finalizer" daemon [_thread_blocked, id=7080, stack(0x0000008530900000,0x0000008530a00000)]
  0x00000203799b2800 JavaThread "Signal Dispatcher" daemon [_thread_blocked, id=12344, stack(0x0000008530a00000,0x0000008530b00000)]
  0x0000020378ffb800 JavaThread "Attach Listener" daemon [_thread_blocked, id=1384, stack(0x0000008530b00000,0x0000008530c00000)]
  0x0000020379001800 JavaThread "C2 CompilerThread0" daemon [_thread_blocked, id=6944, stack(0x0000008530c00000,0x0000008530d00000)]
  0x0000020379008800 JavaThread "C1 CompilerThread0" daemon [_thread_blocked, id=11088, stack(0x0000008530d00000,0x0000008530e00000)]
  0x000002037900d000 JavaThread "Sweeper thread" daemon [_thread_blocked, id=13936, stack(0x0000008530e00000,0x0000008530f00000)]
  0x0000020378f76800 JavaThread "Common-Cleaner" daemon [_thread_blocked, id=6396, stack(0x0000008530f00000,0x0000008531000000)]
  0x0000020379c46000 JavaThread "Monitor Ctrl-Break" daemon [_thread_in_native, id=13976, stack(0x0000008531100000,0x0000008531200000)]
  0x0000020379c46800 JavaThread "Service Thread" daemon [_thread_blocked, id=4280, stack(0x0000008531200000,0x0000008531300000)]
  0x0000020379f3d800 JavaThread "Java2D Disposer" daemon [_thread_blocked, id=4448, stack(0x0000008531400000,0x0000008531500000)]
  0x0000020379f39000 JavaThread "AWT-Shutdown" [_thread_blocked, id=5852, stack(0x0000008531500000,0x0000008531600000)]
  0x0000020379f4c000 JavaThread "AWT-Windows" daemon [_thread_in_native, id=10196, stack(0x0000008531600000,0x0000008531700000)]
=>0x000002037a379000 JavaThread "AWT-EventQueue-0" [_thread_in_native, id=8376, stack(0x0000008531900000,0x0000008531a00000)]
  0x000002037a37a000 JavaThread "Swing-Shell" daemon [_thread_blocked, id=11852, stack(0x0000008531a00000,0x0000008531b00000)]
  0x000002037bb25800 JavaThread "TimerQueue" daemon [_thread_blocked, id=4368, stack(0x0000008531000000,0x0000008531100000)]
  0x0000020379be3000 JavaThread "DestroyJavaVM" [_thread_blocked, id=14264, stack(0x0000008530100000,0x0000008530200000)]
  0x0000020379be1800 JavaThread "AWT-EventQueue-0-SharedResourceRunner" daemon [_thread_blocked, id=13816, stack(0x0000008532500000,0x0000008532600000)]
  0x0000020379be2000 JavaThread "AWT-EventQueue-0-FPSAWTAnimator#00-Timer0" [_thread_blocked, id=9608, stack(0x0000008532a00000,0x0000008532b00000)]
  0x000002037e4db800 JavaThread "C2 CompilerThread1" daemon [_thread_blocked, id=12448, stack(0x0000008532d00000,0x0000008532e00000)]

Other Threads:
  0x0000020378fbe800 VMThread "VM Thread" [stack: 0x0000008530700000,0x0000008530800000] [id=13212]
  0x0000020379c98000 WatcherThread [stack: 0x0000008531300000,0x0000008531400000] [id=12828]
  0x000002035a131000 GCTaskThread "GC Thread#0" [stack: 0x0000008530200000,0x0000008530300000] [id=11024]
  0x000002037bbb4000 GCTaskThread "GC Thread#1" [stack: 0x0000008531800000,0x0000008531900000] [id=5176]
  0x000002037b606000 GCTaskThread "GC Thread#2" [stack: 0x0000008532000000,0x0000008532100000] [id=13636]
  0x0000020379be6000 GCTaskThread "GC Thread#3" [stack: 0x0000008532100000,0x0000008532200000] [id=8028]
  0x000002035a163000 ConcurrentGCThread "G1 Main Marker" [stack: 0x0000008530300000,0x0000008530400000] [id=5640]
  0x000002035a165000 ConcurrentGCThread "G1 Conc#0" [stack: 0x0000008530400000,0x0000008530500000] [id=11524]
  0x000002035a1f4800 ConcurrentGCThread "G1 Refine#0" [stack: 0x0000008530500000,0x0000008530600000] [id=14176]
  0x000002035a1f6800 ConcurrentGCThread "G1 Young RemSet Sampling" [stack: 0x0000008530600000,0x0000008530700000] [id=12300]

Threads with active compile tasks:

VM state:not at safepoint (normal execution)

VM Mutex/Monitor currently owned by a thread: None

Heap address: 0x0000000081400000, size: 2028 MB, Compressed Oops mode: 32-bit
Narrow klass base: 0x0000000000000000, Narrow klass shift: 3
Compressed class space size: 1073741824 Address: 0x0000000100000000

Heap:
 garbage-first heap   total 131072K, used 24561K [0x0000000081400000, 0x0000000100000000)
  region size 1024K, 14 young (14336K), 3 survivors (3072K)
 Metaspace       used 27148K, capacity 27776K, committed 28028K, reserved 1075200K
  class space    used 2819K, capacity 3087K, committed 3196K, reserved 1048576K
Heap Regions: E=young(eden), S=young(survivor), O=old, HS=humongous(starts), HC=humongous(continues), CS=collection set, F=free, A=archive, TAMS=top-at-mark-start (previous, next)
|   0|0x0000000081400000, 0x0000000081400000, 0x0000000081500000|  0%| F|  |TAMS 0x0000000081400000, 0x0000000081400000| Untracked 
|   1|0x0000000081500000, 0x0000000081600000, 0x0000000081600000|100%| O|  |TAMS 0x0000000081600000, 0x0000000081500000| Untracked 
|   2|0x0000000081600000, 0x0000000081700000, 0x0000000081700000|100%|HS|  |TAMS 0x0000000081700000, 0x0000000081600000| Complete 
|   3|0x0000000081700000, 0x0000000081800000, 0x0000000081800000|100%|HS|  |TAMS 0x0000000081800000, 0x0000000081700000| Complete 
|   4|0x0000000081800000, 0x0000000081900000, 0x0000000081900000|100%|HC|  |TAMS 0x0000000081900000, 0x0000000081800000| Complete 
|   5|0x0000000081900000, 0x0000000081a00000, 0x0000000081a00000|100%|HC|  |TAMS 0x0000000081a00000, 0x0000000081900000| Complete 
|   6|0x0000000081a00000, 0x0000000081b00000, 0x0000000081b00000|100%|HC|  |TAMS 0x0000000081b00000, 0x0000000081a00000| Complete 
|   7|0x0000000081b00000, 0x0000000081c00000, 0x0000000081c00000|100%|HS|  |TAMS 0x0000000081c00000, 0x0000000081b00000| Complete 
|   8|0x0000000081c00000, 0x0000000081d00000, 0x0000000081d00000|100%| O|  |TAMS 0x0000000081d00000, 0x0000000081c00000| Untracked 
|   9|0x0000000081d00000, 0x0000000081dc1000, 0x0000000081e00000| 75%| O|  |TAMS 0x0000000081dc1000, 0x0000000081d00000| Untracked 
|  10|0x0000000081e00000, 0x0000000081f00000, 0x0000000081f00000|100%|HS|  |TAMS 0x0000000081e00000, 0x0000000081e00000| Complete 
|  11|0x0000000081f00000, 0x0000000082000000, 0x0000000082000000|100%|HC|  |TAMS 0x0000000081f00000, 0x0000000081f00000| Complete 
|  12|0x0000000082000000, 0x0000000082100000, 0x0000000082100000|100%|HC|  |TAMS 0x0000000082000000, 0x0000000082000000| Complete 
|  13|0x0000000082100000, 0x0000000082100000, 0x0000000082200000|  0%| F|  |TAMS 0x0000000082100000, 0x0000000082100000| Untracked 
|  14|0x0000000082200000, 0x0000000082200000, 0x0000000082300000|  0%| F|  |TAMS 0x0000000082200000, 0x0000000082200000| Untracked 
|  15|0x0000000082300000, 0x0000000082300000, 0x0000000082400000|  0%| F|  |TAMS 0x0000000082300000, 0x0000000082300000| Untracked 
|  16|0x0000000082400000, 0x0000000082400000, 0x0000000082500000|  0%| F|  |TAMS 0x0000000082400000, 0x0000000082400000| Untracked 
|  17|0x0000000082500000, 0x0000000082500000, 0x0000000082600000|  0%| F|  |TAMS 0x0000000082500000, 0x0000000082500000| Untracked 
|  18|0x0000000082600000, 0x0000000082600000, 0x0000000082700000|  0%| F|  |TAMS 0x0000000082600000, 0x0000000082600000| Untracked 
|  19|0x0000000082700000, 0x0000000082700000, 0x0000000082800000|  0%| F|  |TAMS 0x0000000082700000, 0x0000000082700000| Untracked 
|  20|0x0000000082800000, 0x0000000082800000, 0x0000000082900000|  0%| F|  |TAMS 0x0000000082800000, 0x0000000082800000| Untracked 
|  21|0x0000000082900000, 0x0000000082900000, 0x0000000082a00000|  0%| F|  |TAMS 0x0000000082900000, 0x0000000082900000| Untracked 
|  22|0x0000000082a00000, 0x0000000082a00000, 0x0000000082b00000|  0%| F|  |TAMS 0x0000000082a00000, 0x0000000082a00000| Untracked 
|  23|0x0000000082b00000, 0x0000000082b00000, 0x0000000082c00000|  0%| F|  |TAMS 0x0000000082b00000, 0x0000000082b00000| Untracked 
|  24|0x0000000082c00000, 0x0000000082c00000, 0x0000000082d00000|  0%| F|  |TAMS 0x0000000082c00000, 0x0000000082c00000| Untracked 
|  25|0x0000000082d00000, 0x0000000082d00000, 0x0000000082e00000|  0%| F|  |TAMS 0x0000000082d00000, 0x0000000082d00000| Untracked 
|  26|0x0000000082e00000, 0x0000000082e00000, 0x0000000082f00000|  0%| F|  |TAMS 0x0000000082e00000, 0x0000000082e00000| Untracked 
|  27|0x0000000082f00000, 0x0000000082f00000, 0x0000000083000000|  0%| F|  |TAMS 0x0000000082f00000, 0x0000000082f00000| Untracked 
|  28|0x0000000083000000, 0x0000000083000000, 0x0000000083100000|  0%| F|  |TAMS 0x0000000083000000, 0x0000000083000000| Untracked 
|  29|0x0000000083100000, 0x0000000083100000, 0x0000000083200000|  0%| F|  |TAMS 0x0000000083100000, 0x0000000083100000| Untracked 
|  30|0x0000000083200000, 0x0000000083200000, 0x0000000083300000|  0%| F|  |TAMS 0x0000000083200000, 0x0000000083200000| Untracked 
|  31|0x0000000083300000, 0x0000000083300000, 0x0000000083400000|  0%| F|  |TAMS 0x0000000083300000, 0x0000000083300000| Untracked 
|  32|0x0000000083400000, 0x0000000083400000, 0x0000000083500000|  0%| F|  |TAMS 0x0000000083400000, 0x0000000083400000| Untracked 
|  33|0x0000000083500000, 0x0000000083500000, 0x0000000083600000|  0%| F|  |TAMS 0x0000000083500000, 0x0000000083500000| Untracked 
|  34|0x0000000083600000, 0x0000000083600000, 0x0000000083700000|  0%| F|  |TAMS 0x0000000083600000, 0x0000000083600000| Untracked 
|  35|0x0000000083700000, 0x0000000083700000, 0x0000000083800000|  0%| F|  |TAMS 0x0000000083700000, 0x0000000083700000| Untracked 
|  36|0x0000000083800000, 0x0000000083800000, 0x0000000083900000|  0%| F|  |TAMS 0x0000000083800000, 0x0000000083800000| Untracked 
|  37|0x0000000083900000, 0x0000000083900000, 0x0000000083a00000|  0%| F|  |TAMS 0x0000000083900000, 0x0000000083900000| Untracked 
|  38|0x0000000083a00000, 0x0000000083a00000, 0x0000000083b00000|  0%| F|  |TAMS 0x0000000083a00000, 0x0000000083a00000| Untracked 
|  39|0x0000000083b00000, 0x0000000083b00000, 0x0000000083c00000|  0%| F|  |TAMS 0x0000000083b00000, 0x0000000083b00000| Untracked 
|  40|0x0000000083c00000, 0x0000000083c00000, 0x0000000083d00000|  0%| F|  |TAMS 0x0000000083c00000, 0x0000000083c00000| Untracked 
|  41|0x0000000083d00000, 0x0000000083d00000, 0x0000000083e00000|  0%| F|  |TAMS 0x0000000083d00000, 0x0000000083d00000| Untracked 
|  42|0x0000000083e00000, 0x0000000083e00000, 0x0000000083f00000|  0%| F|  |TAMS 0x0000000083e00000, 0x0000000083e00000| Untracked 
|  43|0x0000000083f00000, 0x0000000083f00000, 0x0000000084000000|  0%| F|  |TAMS 0x0000000083f00000, 0x0000000083f00000| Untracked 
|  44|0x0000000084000000, 0x0000000084000000, 0x0000000084100000|  0%| F|  |TAMS 0x0000000084000000, 0x0000000084000000| Untracked 
|  45|0x0000000084100000, 0x0000000084100000, 0x0000000084200000|  0%| F|  |TAMS 0x0000000084100000, 0x0000000084100000| Untracked 
|  46|0x0000000084200000, 0x0000000084200000, 0x0000000084300000|  0%| F|  |TAMS 0x0000000084200000, 0x0000000084200000| Untracked 
|  47|0x0000000084300000, 0x0000000084300000, 0x0000000084400000|  0%| F|  |TAMS 0x0000000084300000, 0x0000000084300000| Untracked 
|  48|0x0000000084400000, 0x0000000084400000, 0x0000000084500000|  0%| F|  |TAMS 0x0000000084400000, 0x0000000084400000| Untracked 
|  49|0x0000000084500000, 0x0000000084500000, 0x0000000084600000|  0%| F|  |TAMS 0x0000000084500000, 0x0000000084500000| Untracked 
|  50|0x0000000084600000, 0x0000000084600000, 0x0000000084700000|  0%| F|  |TAMS 0x0000000084600000, 0x0000000084600000| Untracked 
|  51|0x0000000084700000, 0x0000000084700000, 0x0000000084800000|  0%| F|  |TAMS 0x0000000084700000, 0x0000000084700000| Untracked 
|  52|0x0000000084800000, 0x0000000084800000, 0x0000000084900000|  0%| F|  |TAMS 0x0000000084800000, 0x0000000084800000| Untracked 
|  53|0x0000000084900000, 0x0000000084900000, 0x0000000084a00000|  0%| F|  |TAMS 0x0000000084900000, 0x0000000084900000| Untracked 
|  54|0x0000000084a00000, 0x0000000084a00000, 0x0000000084b00000|  0%| F|  |TAMS 0x0000000084a00000, 0x0000000084a00000| Untracked 
|  55|0x0000000084b00000, 0x0000000084b00000, 0x0000000084c00000|  0%| F|  |TAMS 0x0000000084b00000, 0x0000000084b00000| Untracked 
|  56|0x0000000084c00000, 0x0000000084c00000, 0x0000000084d00000|  0%| F|  |TAMS 0x0000000084c00000, 0x0000000084c00000| Untracked 
|  57|0x0000000084d00000, 0x0000000084d00000, 0x0000000084e00000|  0%| F|  |TAMS 0x0000000084d00000, 0x0000000084d00000| Untracked 
|  58|0x0000000084e00000, 0x0000000084e00000, 0x0000000084f00000|  0%| F|  |TAMS 0x0000000084e00000, 0x0000000084e00000| Untracked 
|  59|0x0000000084f00000, 0x0000000084f00000, 0x0000000085000000|  0%| F|  |TAMS 0x0000000084f00000, 0x0000000084f00000| Untracked 
|  60|0x0000000085000000, 0x0000000085000000, 0x0000000085100000|  0%| F|  |TAMS 0x0000000085000000, 0x0000000085000000| Untracked 
|  61|0x0000000085100000, 0x0000000085100000, 0x0000000085200000|  0%| F|  |TAMS 0x0000000085100000, 0x0000000085100000| Untracked 
|  62|0x0000000085200000, 0x0000000085200000, 0x0000000085300000|  0%| F|  |TAMS 0x0000000085200000, 0x0000000085200000| Untracked 
|  63|0x0000000085300000, 0x0000000085300000, 0x0000000085400000|  0%| F|  |TAMS 0x0000000085300000, 0x0000000085300000| Untracked 
|  64|0x0000000085400000, 0x0000000085400000, 0x0000000085500000|  0%| F|  |TAMS 0x0000000085400000, 0x0000000085400000| Untracked 
|  65|0x0000000085500000, 0x0000000085500000, 0x0000000085600000|  0%| F|  |TAMS 0x0000000085500000, 0x0000000085500000| Untracked 
|  66|0x0000000085600000, 0x0000000085600000, 0x0000000085700000|  0%| F|  |TAMS 0x0000000085600000, 0x0000000085600000| Untracked 
|  67|0x0000000085700000, 0x0000000085700000, 0x0000000085800000|  0%| F|  |TAMS 0x0000000085700000, 0x0000000085700000| Untracked 
|  68|0x0000000085800000, 0x0000000085800000, 0x0000000085900000|  0%| F|  |TAMS 0x0000000085800000, 0x0000000085800000| Untracked 
|  69|0x0000000085900000, 0x0000000085900000, 0x0000000085a00000|  0%| F|  |TAMS 0x0000000085900000, 0x0000000085900000| Untracked 
|  70|0x0000000085a00000, 0x0000000085a00000, 0x0000000085b00000|  0%| F|  |TAMS 0x0000000085a00000, 0x0000000085a00000| Untracked 
|  71|0x0000000085b00000, 0x0000000085b00000, 0x0000000085c00000|  0%| F|  |TAMS 0x0000000085b00000, 0x0000000085b00000| Untracked 
|  72|0x0000000085c00000, 0x0000000085c00000, 0x0000000085d00000|  0%| F|  |TAMS 0x0000000085c00000, 0x0000000085c00000| Untracked 
|  73|0x0000000085d00000, 0x0000000085d00000, 0x0000000085e00000|  0%| F|  |TAMS 0x0000000085d00000, 0x0000000085d00000| Untracked 
|  74|0x0000000085e00000, 0x0000000085e00000, 0x0000000085f00000|  0%| F|  |TAMS 0x0000000085e00000, 0x0000000085e00000| Untracked 
|  75|0x0000000085f00000, 0x0000000085f00000, 0x0000000086000000|  0%| F|  |TAMS 0x0000000085f00000, 0x0000000085f00000| Untracked 
|  76|0x0000000086000000, 0x0000000086000000, 0x0000000086100000|  0%| F|  |TAMS 0x0000000086000000, 0x0000000086000000| Untracked 
|  77|0x0000000086100000, 0x0000000086100000, 0x0000000086200000|  0%| F|  |TAMS 0x0000000086100000, 0x0000000086100000| Untracked 
|  78|0x0000000086200000, 0x0000000086200000, 0x0000000086300000|  0%| F|  |TAMS 0x0000000086200000, 0x0000000086200000| Untracked 
|  79|0x0000000086300000, 0x0000000086300000, 0x0000000086400000|  0%| F|  |TAMS 0x0000000086300000, 0x0000000086300000| Untracked 
|  80|0x0000000086400000, 0x0000000086400000, 0x0000000086500000|  0%| F|  |TAMS 0x0000000086400000, 0x0000000086400000| Untracked 
|  81|0x0000000086500000, 0x0000000086500000, 0x0000000086600000|  0%| F|  |TAMS 0x0000000086500000, 0x0000000086500000| Untracked 
|  82|0x0000000086600000, 0x0000000086600000, 0x0000000086700000|  0%| F|  |TAMS 0x0000000086600000, 0x0000000086600000| Untracked 
|  83|0x0000000086700000, 0x0000000086700000, 0x0000000086800000|  0%| F|  |TAMS 0x0000000086700000, 0x0000000086700000| Untracked 
|  84|0x0000000086800000, 0x0000000086800000, 0x0000000086900000|  0%| F|  |TAMS 0x0000000086800000, 0x0000000086800000| Untracked 
|  85|0x0000000086900000, 0x0000000086900000, 0x0000000086a00000|  0%| F|  |TAMS 0x0000000086900000, 0x0000000086900000| Untracked 
|  86|0x0000000086a00000, 0x0000000086a00000, 0x0000000086b00000|  0%| F|  |TAMS 0x0000000086a00000, 0x0000000086a00000| Untracked 
|  87|0x0000000086b00000, 0x0000000086b00000, 0x0000000086c00000|  0%| F|  |TAMS 0x0000000086b00000, 0x0000000086b00000| Untracked 
|  88|0x0000000086c00000, 0x0000000086c00000, 0x0000000086d00000|  0%| F|  |TAMS 0x0000000086c00000, 0x0000000086c00000| Untracked 
|  89|0x0000000086d00000, 0x0000000086d00000, 0x0000000086e00000|  0%| F|  |TAMS 0x0000000086d00000, 0x0000000086d00000| Untracked 
|  90|0x0000000086e00000, 0x0000000086e00000, 0x0000000086f00000|  0%| F|  |TAMS 0x0000000086e00000, 0x0000000086e00000| Untracked 
|  91|0x0000000086f00000, 0x0000000086f00000, 0x0000000087000000|  0%| F|  |TAMS 0x0000000086f00000, 0x0000000086f00000| Untracked 
|  92|0x0000000087000000, 0x0000000087000000, 0x0000000087100000|  0%| F|  |TAMS 0x0000000087000000, 0x0000000087000000| Untracked 
|  93|0x0000000087100000, 0x0000000087100000, 0x0000000087200000|  0%| F|  |TAMS 0x0000000087100000, 0x0000000087100000| Untracked 
|  94|0x0000000087200000, 0x0000000087200000, 0x0000000087300000|  0%| F|  |TAMS 0x0000000087200000, 0x0000000087200000| Untracked 
|  95|0x0000000087300000, 0x0000000087300000, 0x0000000087400000|  0%| F|  |TAMS 0x0000000087300000, 0x0000000087300000| Untracked 
|  96|0x0000000087400000, 0x0000000087400000, 0x0000000087500000|  0%| F|  |TAMS 0x0000000087400000, 0x0000000087400000| Untracked 
|  97|0x0000000087500000, 0x0000000087500000, 0x0000000087600000|  0%| F|  |TAMS 0x0000000087500000, 0x0000000087500000| Untracked 
|  98|0x0000000087600000, 0x0000000087600000, 0x0000000087700000|  0%| F|  |TAMS 0x0000000087600000, 0x0000000087600000| Untracked 
|  99|0x0000000087700000, 0x0000000087700000, 0x0000000087800000|  0%| F|  |TAMS 0x0000000087700000, 0x0000000087700000| Untracked 
| 100|0x0000000087800000, 0x000000008783b700, 0x0000000087900000| 23%| S|CS|TAMS 0x0000000087800000, 0x0000000087800000| Complete 
| 101|0x0000000087900000, 0x0000000087a00000, 0x0000000087a00000|100%| S|CS|TAMS 0x0000000087900000, 0x0000000087900000| Complete 
| 102|0x0000000087a00000, 0x0000000087b00000, 0x0000000087b00000|100%| S|CS|TAMS 0x0000000087a00000, 0x0000000087a00000| Complete 
| 103|0x0000000087b00000, 0x0000000087b00000, 0x0000000087c00000|  0%| F|  |TAMS 0x0000000087b00000, 0x0000000087b00000| Untracked 
| 104|0x0000000087c00000, 0x0000000087c00000, 0x0000000087d00000|  0%| F|  |TAMS 0x0000000087c00000, 0x0000000087c00000| Untracked 
| 105|0x0000000087d00000, 0x0000000087d00000, 0x0000000087e00000|  0%| F|  |TAMS 0x0000000087d00000, 0x0000000087d00000| Untracked 
| 106|0x0000000087e00000, 0x0000000087e00000, 0x0000000087f00000|  0%| F|  |TAMS 0x0000000087e00000, 0x0000000087e00000| Untracked 
| 107|0x0000000087f00000, 0x0000000087f00000, 0x0000000088000000|  0%| F|  |TAMS 0x0000000087f00000, 0x0000000087f00000| Untracked 
| 108|0x0000000088000000, 0x0000000088000000, 0x0000000088100000|  0%| F|  |TAMS 0x0000000088000000, 0x0000000088000000| Untracked 
| 109|0x0000000088100000, 0x0000000088100000, 0x0000000088200000|  0%| F|  |TAMS 0x0000000088100000, 0x0000000088100000| Untracked 
| 110|0x0000000088200000, 0x0000000088200000, 0x0000000088300000|  0%| F|  |TAMS 0x0000000088200000, 0x0000000088200000| Untracked 
| 111|0x0000000088300000, 0x0000000088300000, 0x0000000088400000|  0%| F|  |TAMS 0x0000000088300000, 0x0000000088300000| Untracked 
| 112|0x0000000088400000, 0x0000000088400000, 0x0000000088500000|  0%| F|  |TAMS 0x0000000088400000, 0x0000000088400000| Untracked 
| 113|0x0000000088500000, 0x0000000088500000, 0x0000000088600000|  0%| F|  |TAMS 0x0000000088500000, 0x0000000088500000| Untracked 
| 114|0x0000000088600000, 0x0000000088600000, 0x0000000088700000|  0%| F|  |TAMS 0x0000000088600000, 0x0000000088600000| Untracked 
| 115|0x0000000088700000, 0x0000000088700000, 0x0000000088800000|  0%| F|  |TAMS 0x0000000088700000, 0x0000000088700000| Untracked 
| 116|0x0000000088800000, 0x0000000088800000, 0x0000000088900000|  0%| F|  |TAMS 0x0000000088800000, 0x0000000088800000| Untracked 
| 117|0x0000000088900000, 0x00000000889ae348, 0x0000000088a00000| 68%| E|  |TAMS 0x0000000088900000, 0x0000000088900000| Complete 
| 118|0x0000000088a00000, 0x0000000088b00000, 0x0000000088b00000|100%| E|CS|TAMS 0x0000000088a00000, 0x0000000088a00000| Complete 
| 119|0x0000000088b00000, 0x0000000088c00000, 0x0000000088c00000|100%| E|CS|TAMS 0x0000000088b00000, 0x0000000088b00000| Complete 
| 120|0x0000000088c00000, 0x0000000088d00000, 0x0000000088d00000|100%| E|CS|TAMS 0x0000000088c00000, 0x0000000088c00000| Complete 
| 121|0x0000000088d00000, 0x0000000088e00000, 0x0000000088e00000|100%| E|CS|TAMS 0x0000000088d00000, 0x0000000088d00000| Complete 
| 122|0x0000000088e00000, 0x0000000088f00000, 0x0000000088f00000|100%| E|CS|TAMS 0x0000000088e00000, 0x0000000088e00000| Complete 
| 123|0x0000000088f00000, 0x0000000089000000, 0x0000000089000000|100%| E|CS|TAMS 0x0000000088f00000, 0x0000000088f00000| Complete 
| 124|0x0000000089000000, 0x0000000089100000, 0x0000000089100000|100%| E|CS|TAMS 0x0000000089000000, 0x0000000089000000| Complete 
| 125|0x0000000089100000, 0x0000000089200000, 0x0000000089200000|100%| E|CS|TAMS 0x0000000089100000, 0x0000000089100000| Complete 
| 126|0x0000000089200000, 0x0000000089300000, 0x0000000089300000|100%| E|CS|TAMS 0x0000000089200000, 0x0000000089200000| Complete 
| 127|0x0000000089300000, 0x0000000089400000, 0x0000000089400000|100%| E|CS|TAMS 0x0000000089300000, 0x0000000089300000| Complete 

Card table byte_map: [0x0000020372240000,0x0000020372640000] _byte_map_base: 0x0000020371e36000

Marking Bits (Prev, Next): (CMBitMap*) 0x000002035a15a060, (CMBitMap*) 0x000002035a15a028
 Prev Bits: [0x00000203749f0000, 0x00000203769a0000)
 Next Bits: [0x0000020372a40000, 0x00000203749f0000)

Polling page: 0x0000020358930000

Metaspace:

Usage:
  Non-class:     24.11 MB capacity,    23.76 MB ( 99%) used,   287.92 KB (  1%) free+waste,    71.69 KB ( <1%) overhead. 
      Class:      3.01 MB capacity,     2.75 MB ( 91%) used,   231.23 KB (  7%) free+waste,    36.75 KB (  1%) overhead. 
       Both:     27.13 MB capacity,    26.51 MB ( 98%) used,   519.15 KB (  2%) free+waste,   108.44 KB ( <1%) overhead. 

Virtual space:
  Non-class space:       26.00 MB reserved,      24.25 MB ( 93%) committed 
      Class space:        1.00 GB reserved,       3.12 MB ( <1%) committed 
             Both:        1.03 GB reserved,      27.37 MB (  3%) committed 

Chunk freelists:
   Non-Class:  15.00 KB
       Class:  0 bytes
        Both:  15.00 KB

MaxMetaspaceSize: 17179869184.00 GB
CompressedClassSpaceSize: 1.00 GB

CodeHeap 'non-profiled nmethods': size=120064Kb used=772Kb max_used=772Kb free=119291Kb
 bounds [0x000002036a2d0000, 0x000002036a540000, 0x0000020371810000]
CodeHeap 'profiled nmethods': size=120000Kb used=4458Kb max_used=4458Kb free=115541Kb
 bounds [0x0000020362da0000, 0x0000020363200000, 0x000002036a2d0000]
CodeHeap 'non-nmethods': size=5696Kb used=1609Kb max_used=1629Kb free=4086Kb
 bounds [0x0000020362810000, 0x0000020362a80000, 0x0000020362da0000]
 total_blobs=3520 nmethods=2314 adapters=1117
 compilation: enabled
              stopped_count=0, restarted_count=0
 full_count=0

Compilation events (20 events):
Event: 9.003 Thread 0x0000020379008800 2326       3       de.hshl.obj.data.array.FloatVectors::addCoordinates (108 bytes)
Event: 9.003 Thread 0x0000020379001800 2307       4       java.util.ArrayList::add (25 bytes)
Event: 9.003 Thread 0x0000020379008800 nmethod 2326 0x00000203631f6690 code [0x00000203631f6960, 0x00000203631f72b8]
Event: 9.003 Thread 0x0000020379008800 2328       3       de.hshl.obj.data.array.ArrayBuilder::access$800 (10 bytes)
Event: 9.004 Thread 0x0000020379008800 nmethod 2328 0x00000203631f7710 code [0x00000203631f7900, 0x00000203631f7d68]
Event: 9.004 Thread 0x0000020379008800 2329       3       de.hshl.obj.data.array.ArrayBuilder::addSlice (28 bytes)
Event: 9.004 Thread 0x0000020379008800 nmethod 2329 0x00000203631f7f90 code [0x00000203631f81a0, 0x00000203631f8738]
Event: 9.004 Thread 0x0000020379008800 2330       3       de.hshl.obj.data.array.ArrayBuilder::addSlice (23 bytes)
Event: 9.005 Thread 0x0000020379008800 nmethod 2330 0x00000203631f8990 code [0x00000203631f8b80, 0x00000203631f9078]
Event: 9.005 Thread 0x0000020379008800 2331       3       de.hshl.obj.data.array.ArrayBuilder::addSlice (28 bytes)
Event: 9.005 Thread 0x0000020379008800 nmethod 2331 0x00000203631f9290 code [0x00000203631f9460, 0x00000203631f9638]
Event: 9.005 Thread 0x0000020379008800 2327       3       de.hshl.obj.data.array.ArrayBuilder$Float::addSlice (55 bytes)
Event: 9.006 Thread 0x0000020379008800 nmethod 2327 0x00000203631f9710 code [0x00000203631f9960, 0x00000203631fa238]
Event: 9.006 Thread 0x0000020379008800 2324       1       de.hshl.obj.data.IndexRange::getExclusiveEnd (5 bytes)
Event: 9.006 Thread 0x0000020379008800 nmethod 2324 0x000002036a38d310 code [0x000002036a38d4c0, 0x000002036a38d578]
Event: 9.009 Thread 0x0000020379008800 2332       3       java.util.stream.ReferencePipeline$2$1::accept (27 bytes)
Event: 9.009 Thread 0x0000020379008800 nmethod 2332 0x00000203631fa590 code [0x00000203631fa760, 0x00000203631faa38]
Event: 9.011 Thread 0x0000020379001800 nmethod 2307 0x000002036a38d610 code [0x000002036a38d7c0, 0x000002036a38dc68]
Event: 9.011 Thread 0x0000020379001800 2308       4       java.util.stream.Sink::begin (1 bytes)
Event: 9.011 Thread 0x0000020379001800 nmethod 2308 0x000002036a38de90 code [0x000002036a38e020, 0x000002036a38e078]

GC Heap History (6 events):
Event: 6.037 GC heap before
{Heap before GC invocations=0 (full 0):
 garbage-first heap   total 131072K, used 15359K [0x0000000081400000, 0x0000000100000000)
  region size 1024K, 14 young (14336K), 0 survivors (0K)
 Metaspace       used 18451K, capacity 18903K, committed 18944K, reserved 1067008K
  class space    used 2083K, capacity 2288K, committed 2304K, reserved 1048576K
}
Event: 6.043 GC heap after
{Heap after GC invocations=1 (full 0):
 garbage-first heap   total 131072K, used 3876K [0x0000000081400000, 0x0000000100000000)
  region size 1024K, 2 young (2048K), 2 survivors (2048K)
 Metaspace       used 18451K, capacity 18903K, committed 18944K, reserved 1067008K
  class space    used 2083K, capacity 2288K, committed 2304K, reserved 1048576K
}
Event: 7.436 GC heap before
{Heap before GC invocations=1 (full 0):
 garbage-first heap   total 131072K, used 17188K [0x0000000081400000, 0x0000000100000000)
  region size 1024K, 10 young (10240K), 2 survivors (2048K)
 Metaspace       used 20702K, capacity 21192K, committed 21248K, reserved 1069056K
  class space    used 2310K, capacity 2547K, committed 2560K, reserved 1048576K
}
Event: 7.442 GC heap after
{Heap after GC invocations=2 (full 0):
 garbage-first heap   total 131072K, used 10591K [0x0000000081400000, 0x0000000100000000)
  region size 1024K, 1 young (1024K), 1 survivors (1024K)
 Metaspace       used 20702K, capacity 21192K, committed 21248K, reserved 1069056K
  class space    used 2310K, capacity 2547K, committed 2560K, reserved 1048576K
}
Event: 8.552 GC heap before
{Heap before GC invocations=3 (full 0):
 garbage-first heap   total 131072K, used 34143K [0x0000000081400000, 0x0000000100000000)
  region size 1024K, 25 young (25600K), 1 survivors (1024K)
 Metaspace       used 25273K, capacity 25825K, committed 26236K, reserved 1073152K
  class space    used 2570K, capacity 2806K, committed 2940K, reserved 1048576K
}
Event: 8.561 GC heap after
{Heap after GC invocations=4 (full 0):
 garbage-first heap   total 131072K, used 11249K [0x0000000081400000, 0x0000000100000000)
  region size 1024K, 3 young (3072K), 3 survivors (3072K)
 Metaspace       used 25273K, capacity 25825K, committed 26236K, reserved 1073152K
  class space    used 2570K, capacity 2806K, committed 2940K, reserved 1048576K
}

Deoptimization events (20 events):
Event: 7.650 Thread 0x000002037a379000 Uncommon trap: trap_request=0xffffff4d fr.pc=0x000002036a31780c relative=0x000000000000032c
Event: 7.650 Thread 0x000002037a379000 Uncommon trap: reason=unstable_if action=reinterpret pc=0x000002036a31780c method=java.util.HashMap.getNode(ILjava/lang/Object;)Ljava/util/HashMap$Node; @ 62 c2
Event: 7.650 Thread 0x000002037a379000 DEOPT PACKING pc=0x000002036a31780c sp=0x00000085319fb640
Event: 7.650 Thread 0x000002037a379000 DEOPT UNPACKING pc=0x00000203628374af sp=0x00000085319fb560 mode 2
Event: 7.670 Thread 0x000002037a379000 Uncommon trap: trap_request=0xffffff4d fr.pc=0x000002036a314df8 relative=0x00000000000002b8
Event: 7.670 Thread 0x000002037a379000 Uncommon trap: reason=unstable_if action=reinterpret pc=0x000002036a314df8 method=java.util.HashMap.getNode(ILjava/lang/Object;)Ljava/util/HashMap$Node; @ 62 c2
Event: 7.670 Thread 0x000002037a379000 DEOPT PACKING pc=0x000002036a314df8 sp=0x00000085319fb5c0
Event: 7.670 Thread 0x000002037a379000 DEOPT UNPACKING pc=0x00000203628374af sp=0x00000085319fb558 mode 2
Event: 7.805 Thread 0x000002037a379000 DEOPT PACKING pc=0x0000020363077438 sp=0x00000085319f8a00
Event: 7.805 Thread 0x000002037a379000 DEOPT UNPACKING pc=0x00000203628372ce sp=0x00000085319f7e70 mode 0
Event: 8.656 Thread 0x0000020379be1800 DEOPT PACKING pc=0x0000020363146bce sp=0x00000085325fd360
Event: 8.656 Thread 0x0000020379be1800 DEOPT UNPACKING pc=0x00000203628372ce sp=0x00000085325fc808 mode 0
Event: 8.678 Thread 0x000002037a379000 Uncommon trap: trap_request=0xffffff4d fr.pc=0x000002036a371024 relative=0x0000000000000084
Event: 8.678 Thread 0x000002037a379000 Uncommon trap: reason=unstable_if action=reinterpret pc=0x000002036a371024 method=java.lang.reflect.AccessibleObject.checkCanSetAccessible(Ljava/lang/Class;Ljava/lang/Class;Z)Z @ 30 c2
Event: 8.678 Thread 0x000002037a379000 DEOPT PACKING pc=0x000002036a371024 sp=0x00000085319fb780
Event: 8.678 Thread 0x000002037a379000 DEOPT UNPACKING pc=0x00000203628374af sp=0x00000085319fb6e0 mode 2
Event: 8.888 Thread 0x000002037a379000 Uncommon trap: trap_request=0xffffff4d fr.pc=0x000002036a353168 relative=0x0000000000003d88
Event: 8.888 Thread 0x000002037a379000 Uncommon trap: reason=unstable_if action=reinterpret pc=0x000002036a353168 method=jdk.internal.org.objectweb.asm.Type.getArgumentsAndReturnSizes(Ljava/lang/String;)I @ 41 c2
Event: 8.888 Thread 0x000002037a379000 DEOPT PACKING pc=0x000002036a353168 sp=0x00000085319fb740
Event: 8.888 Thread 0x000002037a379000 DEOPT UNPACKING pc=0x00000203628374af sp=0x00000085319fb5f0 mode 2

Classes redefined (0 events):
No events

Internal exceptions (20 events):
Event: 6.754 Thread 0x000002035a119000 Exception <a 'java/lang/NoSuchMethodError'{0x0000000088fb73c0}: 'java.lang.Object java.lang.invoke.DirectMethodHandle$Holder.invokeStatic(java.lang.Object, java.lang.Object, java.lang.Object, java.lang.Object, java.lang.Object, int)'> (0x0000000088fb73c0) thrown at [./src/hotspot/share/interpreter/linkResolver.cpp, line 773]
Event: 6.820 Thread 0x000002037a379000 Exception <a 'java/lang/NoSuchMethodError'{0x0000000088ee0098}: 'int java.lang.invoke.DirectMethodHandle$Holder.invokeSpecialIFC(java.lang.Object, java.lang.Object, int)'> (0x0000000088ee0098) thrown at [./src/hotspot/share/interpreter/linkResolver.cpp, line 773]
Event: 6.850 Thread 0x000002037a379000 Implicit null exception at 0x000002036a310e74 to 0x000002036a311374
Event: 6.904 Thread 0x000002037a379000 Exception <a 'java/lang/NoSuchMethodError'{0x0000000088de5fc8}: 'java.lang.Object java.lang.invoke.DirectMethodHandle$Holder.invokeStatic(java.lang.Object, int, int, int, int)'> (0x0000000088de5fc8) thrown at [./src/hotspot/share/interpreter/linkResolver.cpp, line 773]
Event: 6.905 Thread 0x000002037a379000 Exception <a 'java/lang/NoSuchMethodError'{0x0000000088de90f0}: 'java.lang.Object java.lang.invoke.DirectMethodHandle$Holder.invokeStaticInit(java.lang.Object, int, int, int, int)'> (0x0000000088de90f0) thrown at [./src/hotspot/share/interpreter/linkResolver.cpp, line 773]
Event: 7.232 Thread 0x000002037a379000 Exception <a 'java/lang/NoSuchMethodError'{0x0000000088c511f0}: 'java.lang.Object java.lang.invoke.DirectMethodHandle$Holder.invokeStatic(java.lang.Object, java.lang.Object, int, int, int, int)'> (0x0000000088c511f0) thrown at [./src/hotspot/share/interpreter/linkResolver.cpp, line 773]
Event: 7.232 Thread 0x000002037a379000 Exception <a 'java/lang/NoSuchMethodError'{0x0000000088c54548}: 'java.lang.Object java.lang.invoke.DirectMethodHandle$Holder.invokeStaticInit(java.lang.Object, java.lang.Object, int, int, int, int)'> (0x0000000088c54548) thrown at [./src/hotspot/share/interpreter/linkResolver.cpp, line 773]
Event: 7.411 Thread 0x000002037a379000 Exception <a 'java/lang/NoSuchMethodError'{0x0000000088c740d8}: 'void java.lang.invoke.DirectMethodHandle$Holder.invokeStatic(java.lang.Object, long)'> (0x0000000088c740d8) thrown at [./src/hotspot/share/interpreter/linkResolver.cpp, line 773]
Event: 7.412 Thread 0x000002037a379000 Exception <a 'java/lang/NoSuchMethodError'{0x0000000088c79460}: 'java.lang.Object java.lang.invoke.DirectMethodHandle$Holder.invokeStatic(java.lang.Object, long)'> (0x0000000088c79460) thrown at [./src/hotspot/share/interpreter/linkResolver.cpp, line 773]
Event: 7.414 Thread 0x000002037a379000 Exception <a 'java/lang/NoSuchMethodError'{0x0000000088c87778}: 'java.lang.Object java.lang.invoke.DirectMethodHandle$Holder.invokeStaticInit(java.lang.Object, java.lang.Object, long, java.lang.Object)'> (0x0000000088c87778) thrown at [./src/hotspot/share/interpreter/linkResolver.cpp, line 773]
Event: 7.414 Thread 0x000002037a379000 Exception <a 'java/lang/NoSuchMethodError'{0x0000000088c8d498}: 'java.lang.Object java.lang.invoke.DirectMethodHandle$Holder.invokeStatic(java.lang.Object, java.lang.Object, long)'> (0x0000000088c8d498) thrown at [./src/hotspot/share/interpreter/linkResolver.cpp, line 773]
Event: 7.415 Thread 0x000002037a379000 Exception <a 'java/lang/NoSuchMethodError'{0x0000000088c93768}: 'java.lang.Object java.lang.invoke.Invokers$Holder.linkToTargetMethod(java.lang.Object, long, java.lang.Object)'> (0x0000000088c93768) thrown at [./src/hotspot/share/interpreter/linkResolver.cpp, line 773]
Event: 8.692 Thread 0x000002037a379000 Exception <a 'java/lang/reflect/InvocationTargetException'{0x0000000088f106c8}> (0x0000000088f106c8) thrown at [./src/hotspot/share/runtime/reflection.cpp, line 1247]
Event: 8.840 Thread 0x000002037a379000 Exception <a 'java/lang/NoSuchMethodError'{0x0000000088da7780}: 'java.lang.Object java.lang.invoke.DirectMethodHandle$Holder.invokeStaticInit(java.lang.Object, java.lang.Object, java.lang.Object)'> (0x0000000088da7780) thrown at [./src/hotspot/share/interpreter/linkResolver.cpp, line 773]
Event: 8.872 Thread 0x000002037a379000 Exception <a 'java/lang/NoSuchMethodError'{0x0000000088c52270}: 'void java.lang.invoke.DirectMethodHandle$Holder.invokeStaticInit(java.lang.Object, java.lang.Object, java.lang.Object)'> (0x0000000088c52270) thrown at [./src/hotspot/share/interpreter/linkResolver.cpp, line 773]
Event: 8.888 Thread 0x000002037a379000 Exception <a 'java/lang/NoSuchMethodError'{0x0000000088cb1040}: 'double java.lang.invoke.DirectMethodHandle$Holder.invokeStatic(java.lang.Object, java.lang.Object)'> (0x0000000088cb1040) thrown at [./src/hotspot/share/interpreter/linkResolver.cpp, line 773]
Event: 8.891 Thread 0x000002037a379000 Exception <a 'java/lang/NoSuchMethodError'{0x0000000088cb7548}: 'void java.lang.invoke.DirectMethodHandle$Holder.invokeSpecial(java.lang.Object, java.lang.Object, double)'> (0x0000000088cb7548) thrown at [./src/hotspot/share/interpreter/linkResolver.cpp, line 773]
Event: 8.979 Thread 0x000002037a379000 Exception <a 'java/lang/NoSuchMethodError'{0x00000000889384d0}: 'java.lang.Object java.lang.invoke.DirectMethodHandle$Holder.invokeStatic(java.lang.Object, java.lang.Object, int, java.lang.Object)'> (0x00000000889384d0) thrown at [./src/hotspot/share/interpreter/linkResolver.cpp, line 773]
Event: 8.980 Thread 0x000002037a379000 Exception <a 'java/lang/NoSuchMethodError'{0x000000008893bf48}: 'java.lang.Object java.lang.invoke.DirectMethodHandle$Holder.invokeSpecial(java.lang.Object, java.lang.Object, java.lang.Object, int, java.lang.Object)'> (0x000000008893bf48) thrown at [./src/hotspot/share/interpreter/linkResolver.cpp, line 773]
Event: 8.980 Thread 0x000002037a379000 Exception <a 'java/lang/NoSuchMethodError'{0x000000008893f3e0}: 'java.lang.Object java.lang.invoke.Invokers$Holder.linkToTargetMethod(java.lang.Object, int, java.lang.Object, java.lang.Object)'> (0x000000008893f3e0) thrown at [./src/hotspot/share/interpreter/linkResolver.cpp, line 773]

Events (20 events):
Event: 8.997 loading class de/hshl/obj/data/array/FloatVectors
Event: 8.997 loading class de/hshl/obj/data/array/FloatVectors done
Event: 8.997 loading class de/hshl/obj/data/array/FloatVectors
Event: 8.997 loading class de/hshl/obj/data/array/FloatVectors done
Event: 8.997 loading class java/util/function/ToIntFunction
Event: 8.997 loading class java/util/function/ToIntFunction done
Event: 8.998 loading class java/util/stream/ReferencePipeline$4
Event: 8.998 loading class java/util/stream/IntPipeline$StatelessOp
Event: 8.998 loading class java/util/stream/IntPipeline$StatelessOp done
Event: 8.998 loading class java/util/stream/ReferencePipeline$4 done
Event: 8.999 loading class java/util/function/IntBinaryOperator
Event: 9.000 loading class java/util/function/IntBinaryOperator done
Event: 9.000 loading class java/util/stream/ReduceOps$6
Event: 9.000 loading class java/util/stream/ReduceOps$6 done
Event: 9.000 loading class java/util/stream/ReduceOps$5ReducingSink
Event: 9.000 loading class java/util/stream/ReduceOps$5ReducingSink done
Event: 9.000 loading class java/util/stream/ReferencePipeline$4$1
Event: 9.001 loading class java/util/stream/ReferencePipeline$4$1 done
Event: 9.010 loading class com/jogamp/opengl/math/VectorUtil
Event: 9.010 loading class com/jogamp/opengl/math/VectorUtil done


Dynamic libraries:
0x00007ff680780000 - 0x00007ff68078d000 	C:\Program Files\AdoptOpenJDK\jdk-11.0.9.11-hotspot\bin\java.exe
0x00007fffe54d0000 - 0x00007fffe56c6000 	C:\Windows\SYSTEM32\ntdll.dll
0x00007fffe3b00000 - 0x00007fffe3bbd000 	C:\Windows\System32\KERNEL32.DLL
0x00007fffe2be0000 - 0x00007fffe2ea9000 	C:\Windows\System32\KERNELBASE.dll
0x00007fffe2eb0000 - 0x00007fffe2fb0000 	C:\Windows\System32\ucrtbase.dll
0x00007fffd85b0000 - 0x00007fffd85c7000 	C:\Program Files\AdoptOpenJDK\jdk-11.0.9.11-hotspot\bin\jli.dll
0x00007fffe3960000 - 0x00007fffe3b00000 	C:\Windows\System32\USER32.dll
0x00007fffe33a0000 - 0x00007fffe33c2000 	C:\Windows\System32\win32u.dll
0x00007fffe4a30000 - 0x00007fffe4a5a000 	C:\Windows\System32\GDI32.dll
0x00007fffe3000000 - 0x00007fffe3109000 	C:\Windows\System32\gdi32full.dll
0x00007fffe32d0000 - 0x00007fffe336d000 	C:\Windows\System32\msvcp_win.dll
0x00007fffd8520000 - 0x00007fffd8535000 	C:\Program Files\AdoptOpenJDK\jdk-11.0.9.11-hotspot\bin\VCRUNTIME140.dll
0x00007fffd5b30000 - 0x00007fffd5dcb000 	C:\Windows\WinSxS\amd64_microsoft.windows.common-controls_6595b64144ccf1df_6.0.19041.488_none_ca04af081b815d21\COMCTL32.dll
0x00007fffe4480000 - 0x00007fffe451e000 	C:\Windows\System32\msvcrt.dll
0x00007fffe3d00000 - 0x00007fffe3d30000 	C:\Windows\System32\IMM32.DLL
0x00007fffcf830000 - 0x00007fffcf8cb000 	C:\Program Files\AdoptOpenJDK\jdk-11.0.9.11-hotspot\bin\msvcp140.dll
0x00007fffa7200000 - 0x00007fffa7d43000 	C:\Program Files\AdoptOpenJDK\jdk-11.0.9.11-hotspot\bin\server\jvm.dll
0x00007fffe38a0000 - 0x00007fffe394c000 	C:\Windows\System32\ADVAPI32.dll
0x00007fffe4a60000 - 0x00007fffe4afc000 	C:\Windows\System32\sechost.dll
0x00007fffe5110000 - 0x00007fffe523b000 	C:\Windows\System32\RPCRT4.dll
0x00007fffe3950000 - 0x00007fffe3958000 	C:\Windows\System32\PSAPI.DLL
0x00007fffd6520000 - 0x00007fffd6529000 	C:\Windows\SYSTEM32\WSOCK32.dll
0x00007fffe3c20000 - 0x00007fffe3c8b000 	C:\Windows\System32\WS2_32.dll
0x00007fffd7d20000 - 0x00007fffd7d47000 	C:\Windows\SYSTEM32\WINMM.dll
0x00007fffd8430000 - 0x00007fffd843a000 	C:\Windows\SYSTEM32\VERSION.dll
0x00007fffe0b30000 - 0x00007fffe0b42000 	C:\Windows\SYSTEM32\kernel.appcore.dll
0x00007fffd8510000 - 0x00007fffd8520000 	C:\Program Files\AdoptOpenJDK\jdk-11.0.9.11-hotspot\bin\verify.dll
0x00007fffdbab0000 - 0x00007fffdbc94000 	C:\Windows\SYSTEM32\DBGHELP.DLL
0x00007fffdba80000 - 0x00007fffdbaac000 	C:\Windows\SYSTEM32\dbgcore.DLL
0x00007fffe3480000 - 0x00007fffe3500000 	C:\Windows\System32\bcryptPrimitives.dll
0x00007fffd5040000 - 0x00007fffd5068000 	C:\Program Files\AdoptOpenJDK\jdk-11.0.9.11-hotspot\bin\java.dll
0x00007fffd29c0000 - 0x00007fffd29ca000 	C:\Program Files\AdoptOpenJDK\jdk-11.0.9.11-hotspot\bin\jimage.dll
0x00007fffd24a0000 - 0x00007fffd24ae000 	C:\Program Files\AdoptOpenJDK\jdk-11.0.9.11-hotspot\bin\instrument.dll
0x00007fffd2520000 - 0x00007fffd2537000 	C:\Program Files\AdoptOpenJDK\jdk-11.0.9.11-hotspot\bin\zip.dll
0x00007fffe3d30000 - 0x00007fffe4472000 	C:\Windows\System32\SHELL32.dll
0x00007fffe0d30000 - 0x00007fffe14c5000 	C:\Windows\SYSTEM32\windows.storage.dll
0x00007fffe4b00000 - 0x00007fffe4e56000 	C:\Windows\System32\combase.dll
0x00007fffe2650000 - 0x00007fffe267c000 	C:\Windows\SYSTEM32\Wldp.dll
0x00007fffe52e0000 - 0x00007fffe538e000 	C:\Windows\System32\SHCORE.dll
0x00007fffe4e60000 - 0x00007fffe4eb5000 	C:\Windows\System32\shlwapi.dll
0x00007fffe2b10000 - 0x00007fffe2b36000 	C:\Windows\SYSTEM32\profapi.dll
0x00007fffd2500000 - 0x00007fffd2519000 	C:\Program Files\AdoptOpenJDK\jdk-11.0.9.11-hotspot\bin\net.dll
0x00007fffdb5f0000 - 0x00007fffdb6f0000 	C:\Windows\SYSTEM32\WINHTTP.dll
0x00007fffe23d0000 - 0x00007fffe243a000 	C:\Windows\system32\mswsock.dll
0x00007fffd24e0000 - 0x00007fffd24f2000 	C:\Program Files\AdoptOpenJDK\jdk-11.0.9.11-hotspot\bin\nio.dll
0x00007fffcf810000 - 0x00007fffcf82a000 	C:\Users\chris\Downloads\ideaIC-2020.2.2.win\bin\breakgen64.dll
0x00007fff9c0a0000 - 0x00007fff9f0d3000 	C:\Program Files\opencv\build\java\x64\opencv_java440.dll
0x00007fffe4fe0000 - 0x00007fffe510a000 	C:\Windows\System32\ole32.dll
0x00007fffe5390000 - 0x00007fffe545d000 	C:\Windows\System32\OLEAUT32.dll
0x00007fffb89e0000 - 0x00007fffb8b79000 	C:\Program Files\AdoptOpenJDK\jdk-11.0.9.11-hotspot\bin\awt.dll
0x00007fffe05c0000 - 0x00007fffe0650000 	C:\Windows\SYSTEM32\apphelp.dll
0x00007fffe0670000 - 0x00007fffe070e000 	C:\Windows\system32\uxtheme.dll
0x00007fffe4ec0000 - 0x00007fffe4fd6000 	C:\Windows\System32\MSCTF.dll
0x00007fffe0920000 - 0x00007fffe094f000 	C:\Windows\system32\DWMAPI.DLL
0x00007fffd06c0000 - 0x00007fffd0770000 	C:\Windows\WinSxS\amd64_microsoft.windows.common-controls_6595b64144ccf1df_5.82.19041.488_none_4238de57f6b64d28\comctl32.dll
0x00007fffce7d0000 - 0x00007fffce852000 	C:\Program Files\AdoptOpenJDK\jdk-11.0.9.11-hotspot\bin\freetype.dll
0x00007fffce720000 - 0x00007fffce7c6000 	C:\Program Files\AdoptOpenJDK\jdk-11.0.9.11-hotspot\bin\fontmanager.dll
0x00007fffca270000 - 0x00007fffca395000 	C:\Windows\system32\opengl32.dll
0x00007fffd77d0000 - 0x00007fffd77fc000 	C:\Windows\SYSTEM32\GLU32.dll
0x00007fffe3790000 - 0x00007fffe3839000 	C:\Windows\System32\clbcatq.dll
0x00007fffde770000 - 0x00007fffde867000 	C:\Windows\system32\propsys.dll
0x00007fffe2fb0000 - 0x00007fffe2ffe000 	C:\Windows\System32\CFGMGR32.dll
0x00007fffde010000 - 0x00007fffde027000 	C:\Windows\system32\NetworkExplorer.dll
0x00007fffde590000 - 0x00007fffde5ad000 	C:\Windows\SYSTEM32\MPR.dll
0x00007fffd8580000 - 0x00007fffd858b000 	C:\Windows\System32\drprov.dll
0x00007fffe1b30000 - 0x00007fffe1b8a000 	C:\Windows\System32\WINSTA.dll
0x00007fffd8560000 - 0x00007fffd8578000 	C:\Windows\System32\ntlanman.dll
0x00007fffd8540000 - 0x00007fffd855e000 	C:\Windows\System32\davclnt.dll
0x00007fffde0d0000 - 0x00007fffde0dd000 	C:\Windows\System32\DAVHLPR.dll
0x00007fffe1e20000 - 0x00007fffe1e37000 	C:\Windows\System32\wkscli.dll
0x00007fffddad0000 - 0x00007fffddae2000 	C:\Windows\SYSTEM32\cscapi.dll
0x00007fffe21d0000 - 0x00007fffe21dc000 	C:\Windows\System32\netutils.dll
0x00007fffd0a20000 - 0x00007fffd0a78000 	C:\Windows\System32\dlnashext.dll
0x00007fffc60b0000 - 0x00007fffc6114000 	C:\Windows\System32\PlayToDevice.dll
0x00007fffd3440000 - 0x00007fffd3460000 	C:\Windows\System32\DevDispItemProvider.dll
0x00007fffdd220000 - 0x00007fffdd2a5000 	C:\Windows\System32\MMDevApi.dll
0x00007fffe2990000 - 0x00007fffe29bc000 	C:\Windows\System32\DEVOBJ.dll
0x00007fffb0fe0000 - 0x00007fffb1083000 	C:\Windows\system32\wpdshext.dll
0x00007fffd57c0000 - 0x00007fffd5966000 	C:\Windows\WinSxS\amd64_microsoft.windows.gdiplus_6595b64144ccf1df_1.1.19041.630_none_fae7a41d761b04f0\gdiplus.dll
0x00007fffc5560000 - 0x00007fffc5601000 	C:\Windows\System32\PortableDeviceApi.dll
0x00007fffe4520000 - 0x00007fffe4987000 	C:\Windows\System32\SETUPAPI.dll
0x00007fffe3370000 - 0x00007fffe3397000 	C:\Windows\System32\bcrypt.dll
0x00007fffe3270000 - 0x00007fffe32d0000 	C:\Windows\System32\WINTRUST.dll
0x00007fffe3110000 - 0x00007fffe326d000 	C:\Windows\System32\CRYPT32.dll
0x00007fffe27d0000 - 0x00007fffe27e2000 	C:\Windows\System32\MSASN1.dll
0x00007fffd07a0000 - 0x00007fffd07d7000 	C:\Windows\System32\EhStorShell.dll
0x00007fffcf7e0000 - 0x00007fffcf806000 	C:\Windows\System32\EhStorAPI.dll
0x00007fffde750000 - 0x00007fffde764000 	C:\Windows\System32\WTSAPI32.dll
0x00007fffdc780000 - 0x00007fffdc78d000 	C:\Windows\SYSTEM32\LINKINFO.dll
0x00007fffcdbb0000 - 0x00007fffcdd64000 	C:\Windows\SYSTEM32\WindowsCodecs.dll
0x00007fffd1690000 - 0x00007fffd16ce000 	C:\Windows\system32\dataexchange.dll
0x00007fffdf6d0000 - 0x00007fffdf934000 	C:\Windows\system32\d3d11.dll
0x00007fffdfcc0000 - 0x00007fffdfea7000 	C:\Windows\system32\dcomp.dll
0x00007fffe1650000 - 0x00007fffe1743000 	C:\Windows\system32\dxgi.dll
0x00007fffd2d90000 - 0x00007fffd2f98000 	C:\Windows\system32\twinapi.appcore.dll
0x00007fffd2c90000 - 0x00007fffd2d8d000 	C:\Windows\SYSTEM32\textinputframework.dll
0x00007fffe0490000 - 0x00007fffe0582000 	C:\Windows\System32\CoreMessaging.dll
0x00007fffe0130000 - 0x00007fffe048e000 	C:\Windows\System32\CoreUIComponents.dll
0x00007fffe1920000 - 0x00007fffe1953000 	C:\Windows\SYSTEM32\ntmarta.dll
0x00007fffdffd0000 - 0x00007fffe0126000 	C:\Windows\SYSTEM32\wintypes.dll
0x00007fffe25a0000 - 0x00007fffe25b8000 	C:\Windows\SYSTEM32\CRYPTSP.dll
0x00007fffe1cf0000 - 0x00007fffe1d24000 	C:\Windows\system32\rsaenh.dll
0x00007fffe2ad0000 - 0x00007fffe2afe000 	C:\Windows\SYSTEM32\USERENV.dll
0x00007fffe25c0000 - 0x00007fffe25cc000 	C:\Windows\SYSTEM32\CRYPTBASE.dll
0x00007fffe2070000 - 0x00007fffe20ab000 	C:\Windows\SYSTEM32\IPHLPAPI.DLL
0x00007fffe4a20000 - 0x00007fffe4a28000 	C:\Windows\System32\NSI.dll
0x00007fffddc40000 - 0x00007fffddc57000 	C:\Windows\SYSTEM32\dhcpcsvc6.DLL
0x00007fffddd30000 - 0x00007fffddd4d000 	C:\Windows\SYSTEM32\dhcpcsvc.DLL
0x00007fffe2100000 - 0x00007fffe21cb000 	C:\Windows\SYSTEM32\DNSAPI.dll
0x00000000637c0000 - 0x00000000637cd000 	C:\Users\chris\AppData\Local\Temp\jogamp_0000\file_cache\jln3185461810242061005\jln5118832036602617801\natives\windows-amd64\gluegen-rt.dll
0x00007fffd1b00000 - 0x00007fffd1b07000 	C:\Program Files\AdoptOpenJDK\jdk-11.0.9.11-hotspot\bin\jawt.dll
0x000000006a440000 - 0x000000006a44d000 	C:\Users\chris\AppData\Local\Temp\jogamp_0000\file_cache\jln3185461810242061005\jln5118832036602617801\natives\windows-amd64\nativewindow_awt.dll
0x000000006c100000 - 0x000000006c10f000 	C:\Users\chris\AppData\Local\Temp\jogamp_0000\file_cache\jln3185461810242061005\jln5118832036602617801\natives\windows-amd64\nativewindow_win32.dll
0x0000000064500000 - 0x00000000645b1000 	C:\Users\chris\AppData\Local\Temp\jogamp_0000\file_cache\jln3185461810242061005\jln5118832036602617801\natives\windows-amd64\jogl_desktop.dll
0x0000000064340000 - 0x00000000643a2000 	C:\Users\chris\AppData\Local\Temp\jogamp_0000\file_cache\jln3185461810242061005\jln5118832036602617801\natives\windows-amd64\jogl_mobile.dll
0x00007fffdaa60000 - 0x00007fffdab5b000 	C:\Windows\System32\AppXDeploymentClient.dll
0x00007fffa59a0000 - 0x00007fffa66b8000 	C:\Windows\SYSTEM32\ig8icd64.dll
0x00007fffcb660000 - 0x00007fffcc09f000 	C:\Windows\SYSTEM32\igdusc64.dll
0x00007fffcd090000 - 0x00007fffcd0cb000 	C:\Windows\SYSTEM32\dxcore.dll
0x00007fffe21e0000 - 0x00007fffe222b000 	C:\Windows\SYSTEM32\powrprof.dll
0x00007fffe2050000 - 0x00007fffe2062000 	C:\Windows\SYSTEM32\UMPDC.dll

dbghelp: loaded successfully - version: 4.0.5 - missing functions: none
symbol engine: initialized successfully - sym options: 0x614 - pdb path: .;C:\Program Files\AdoptOpenJDK\jdk-11.0.9.11-hotspot\bin;C:\Windows\SYSTEM32;C:\Windows\WinSxS\amd64_microsoft.windows.common-controls_6595b64144ccf1df_6.0.19041.488_none_ca04af081b815d21;C:\Program Files\AdoptOpenJDK\jdk-11.0.9.11-hotspot\bin\server;C:\Users\chris\Downloads\ideaIC-2020.2.2.win\bin;C:\Program Files\opencv\build\java\x64;C:\Windows\WinSxS\amd64_microsoft.windows.common-controls_6595b64144ccf1df_5.82.19041.488_none_4238de57f6b64d28;C:\Windows\WinSxS\amd64_microsoft.windows.gdiplus_6595b64144ccf1df_1.1.19041.630_none_fae7a41d761b04f0;C:\Users\chris\AppData\Local\Temp\jogamp_0000\file_cache\jln3185461810242061005\jln5118832036602617801\natives\windows-amd64

VM Arguments:
jvm_args: -Djava.library.path=C:\Program Files\opencv\build\java\x64 -javaagent:C:\Users\chris\Downloads\ideaIC-2020.2.2.win\lib\idea_rt.jar=63351:C:\Users\chris\Downloads\ideaIC-2020.2.2.win\bin -Dfile.encoding=UTF-8 
java_command: structure.Main
java_class_path (initial): C:\Users\chris\Desktop\uni\VCI\Pro\Parksimulator\out\production\Parksimulator;C:\Program Files\Java\jogamp-all-platforms\jar\gluegen-rt.jar;C:\Program Files\Java\jogamp-all-platforms\jar\jogl-all.jar;C:\Program Files\opencv\build\java\opencv-440.jar;C:\Users\chris\Desktop\uni\VCI\Computergrafik\ObjLoader\ObjLoader\OBJLoader-3.0.0.jar
Launcher Type: SUN_STANDARD

[Global flags]
     intx CICompilerCount                          = 3                                         {product} {ergonomic}
     uint ConcGCThreads                            = 1                                         {product} {ergonomic}
     uint G1ConcRefinementThreads                  = 4                                         {product} {ergonomic}
   size_t G1HeapRegionSize                         = 1048576                                   {product} {ergonomic}
    uintx GCDrainStackTargetSize                   = 64                                        {product} {ergonomic}
   size_t InitialHeapSize                          = 134217728                                 {product} {ergonomic}
   size_t MarkStackSize                            = 4194304                                   {product} {ergonomic}
   size_t MaxHeapSize                              = 2126512128                                {product} {ergonomic}
   size_t MaxNewSize                               = 1275068416                                {product} {ergonomic}
   size_t MinHeapDeltaBytes                        = 1048576                                   {product} {ergonomic}
    uintx NonNMethodCodeHeapSize                   = 5830732                                {pd product} {ergonomic}
    uintx NonProfiledCodeHeapSize                  = 122913754                              {pd product} {ergonomic}
    uintx ProfiledCodeHeapSize                     = 122913754                              {pd product} {ergonomic}
    uintx ReservedCodeCacheSize                    = 251658240                              {pd product} {ergonomic}
     bool SegmentedCodeCache                       = true                                      {product} {ergonomic}
     bool UseCompressedClassPointers               = true                                 {lp64_product} {ergonomic}
     bool UseCompressedOops                        = true                                 {lp64_product} {ergonomic}
     bool UseG1GC                                  = true                                      {product} {ergonomic}
     bool UseLargePagesIndividualAllocation        = false                                  {pd product} {ergonomic}

Logging:
Log output configuration:
 #0: stdout all=warning uptime,level,tags
 #1: stderr all=off uptime,level,tags

Environment Variables:
PATH=C:\Program Files\Autodesk\Alias2018\bin;C:\Program Files\AdoptOpenJDK\jdk-11.0.9.11-hotspot\bin;C:\Program Files\Java\jre1.8.0_261\bin;C:\Program Files\opencv\build\java\x64;C:\Program Files\Java\jogamp-all-platforms\lib\windows-amd64;C:\Windows\system32;C:\Windows;C:\Windows\System32\Wbem;C:\Windows\System32\WindowsPowerShell\v1.0\;C:\Windows\System32\OpenSSH\;C:\Program Files (x86)\Windows Kits\8.1\Windows Performance Toolkit\;C:\Users\chris\AppData\Local\Microsoft\WindowsApps;C:\Users\chris\AppData\Local\GitHubDesktop\bin
USERNAME=chris
OS=Windows_NT
PROCESSOR_IDENTIFIER=Intel64 Family 6 Model 61 Stepping 4, GenuineIntel



---------------  S Y S T E M  ---------------

OS: Windows 10 , 64 bit Build 19041 (10.0.19041.662)
OS uptime: 6 days 4:48 hours

CPU:total 4 (initial active 4) (2 cores per cpu, 2 threads per core) family 6 model 61 stepping 4, cmov, cx8, fxsr, mmx, sse, sse2, sse3, ssse3, sse4.1, sse4.2, popcnt, avx, avx2, aes, clmul, erms, 3dnowpref, lzcnt, ht, tsc, tscinvbit, bmi1, bmi2, adx, fma

Memory: 4k page, system-wide physical 8111M (3788M free)
TotalPageFile size 9391M (AvailPageFile size 4173M)
current process WorkingSet (physical memory assigned to process): 173M, peak: 173M
current process commit charge ("private bytes"): 286M, peak: 286M

vm_info: OpenJDK 64-Bit Server VM (11.0.9+11) for windows-amd64 JRE (11.0.9+11), built on Oct 24 2020 15:15:35 by "" with MS VC++ 15.9 (VS2017)

END.
